---------------------------------------------------------------
[ 2020-03-03T15:28:19+08:00 ] 127.0.0.1 GET www.lbxr.com/getsDatliA
[ sql ] [ DB ] CONNECT:[ UseTime:0.028169s ] mysql:host=123.57.11.135;port=3306;dbname=bemarvelous;charset=utf8
[ sql ] [ SQL ] SHOW COLUMNS FROM `be_series` [ RunTime:0.018001s ]
[ sql ] [ SQL ] SELECT COUNT(*) AS tp_count FROM `be_series` LIMIT 1 [ RunTime:0.016617s ]
[ sql ] [ SQL ] SELECT `id`,`image`,`title`,`brief`,date_format(update_time,"%Y-%m-%d") as time FROM `be_series` ORDER BY `update_time` DESC LIMIT 0,10 [ RunTime:0.017356s ]
[ sql ] [ SQL ] SHOW COLUMNS FROM `be_series_brand` [ RunTime:0.014103s ]
[ sql ] [ SQL ] SELECT `id` FROM `be_series_brand` WHERE  `s_id` = 1 LIMIT 1 [ RunTime:0.012957s ]
[ sql ] [ SQL ] SELECT `id` FROM `be_series_brand` WHERE  `s_id` = 2 LIMIT 1 [ RunTime:0.012248s ]
[ sql ] [ SQL ] SELECT `id` FROM `be_series_brand` WHERE  `s_id` = 3 LIMIT 1 [ RunTime:0.011180s ]
[ sql ] [ SQL ] SELECT `id` FROM `be_series_brand` WHERE  `s_id` = 4 LIMIT 1 [ RunTime:0.013036s ]
---------------------------------------------------------------
[ 2020-03-03T15:29:00+08:00 ] 127.0.0.1 GET www.lbxr.com/getsDatliA
[ sql ] [ DB ] CONNECT:[ UseTime:0.034878s ] mysql:host=123.57.11.135;port=3306;dbname=bemarvelous;charset=utf8
[ sql ] [ SQL ] SHOW COLUMNS FROM `be_series` [ RunTime:0.018067s ]
[ sql ] [ SQL ] SELECT COUNT(*) AS tp_count FROM `be_series` LIMIT 1 [ RunTime:0.017564s ]
[ sql ] [ SQL ] SELECT `id`,`image`,`title`,`brief`,date_format(update_time,"%Y-%m-%d") as time FROM `be_series` ORDER BY `update_time` DESC LIMIT 0,10 [ RunTime:0.016653s ]
[ sql ] [ SQL ] SHOW COLUMNS FROM `be_series_brand` [ RunTime:0.014346s ]
[ sql ] [ SQL ] SELECT `id` FROM `be_series_brand` WHERE  `s_id` = 1 LIMIT 1 [ RunTime:0.013165s ]
[ sql ] [ SQL ] SELECT `id` FROM `be_series_brand` WHERE  `s_id` = 2 LIMIT 1 [ RunTime:0.013023s ]
[ sql ] [ SQL ] SELECT `id` FROM `be_series_brand` WHERE  `s_id` = 3 LIMIT 1 [ RunTime:0.012940s ]
[ sql ] [ SQL ] SELECT `id` FROM `be_series_brand` WHERE  `s_id` = 4 LIMIT 1 [ RunTime:0.012807s ]
[ error ] [8]Array to string conversion
---------------------------------------------------------------
[ 2020-03-03T15:29:07+08:00 ] 127.0.0.1 GET www.lbxr.com/getsDatliA
[ sql ] [ DB ] CONNECT:[ UseTime:0.029553s ] mysql:host=123.57.11.135;port=3306;dbname=bemarvelous;charset=utf8
[ sql ] [ SQL ] SHOW COLUMNS FROM `be_series` [ RunTime:0.020571s ]
[ sql ] [ SQL ] SELECT COUNT(*) AS tp_count FROM `be_series` LIMIT 1 [ RunTime:0.018299s ]
[ sql ] [ SQL ] SELECT `id`,`image`,`title`,`brief`,date_format(update_time,"%Y-%m-%d") as time FROM `be_series` ORDER BY `update_time` DESC LIMIT 0,10 [ RunTime:0.019913s ]
[ sql ] [ SQL ] SHOW COLUMNS FROM `be_series_brand` [ RunTime:0.014667s ]
[ sql ] [ SQL ] SELECT `id` FROM `be_series_brand` WHERE  `s_id` = 1 LIMIT 1 [ RunTime:0.014032s ]
[ sql ] [ SQL ] SELECT `id` FROM `be_series_brand` WHERE  `s_id` = 2 LIMIT 1 [ RunTime:0.012919s ]
[ sql ] [ SQL ] SELECT `id` FROM `be_series_brand` WHERE  `s_id` = 3 LIMIT 1 [ RunTime:0.014338s ]
[ sql ] [ SQL ] SELECT `id` FROM `be_series_brand` WHERE  `s_id` = 4 LIMIT 1 [ RunTime:0.014457s ]
---------------------------------------------------------------
[ 2020-03-03T15:30:37+08:00 ] 127.0.0.1 GET www.lbxr.com/doc
[ error ] [64]Cannot use app\api\model\Product as Product because the name is already in use
---------------------------------------------------------------
[ 2020-03-03T15:30:42+08:00 ] 127.0.0.1 GET www.lbxr.com/doc
[ error ] [64]Cannot use app\api\model\Product as Product because the name is already in use
---------------------------------------------------------------
[ 2020-03-03T15:30:49+08:00 ] 127.0.0.1 GET www.lbxr.com/getsDatliA
[ sql ] [ DB ] CONNECT:[ UseTime:0.027647s ] mysql:host=123.57.11.135;port=3306;dbname=bemarvelous;charset=utf8
[ sql ] [ SQL ] SHOW COLUMNS FROM `be_series` [ RunTime:0.018326s ]
[ sql ] [ SQL ] SELECT COUNT(*) AS tp_count FROM `be_series` LIMIT 1 [ RunTime:0.017533s ]
[ sql ] [ SQL ] SELECT `id`,`image`,`title`,`brief`,date_format(update_time,"%Y-%m-%d") as time FROM `be_series` ORDER BY `update_time` DESC LIMIT 0,10 [ RunTime:0.017992s ]
[ sql ] [ SQL ] SHOW COLUMNS FROM `be_series_brand` [ RunTime:0.014700s ]
[ sql ] [ SQL ] SELECT `id` FROM `be_series_brand` WHERE  `s_id` = 1 LIMIT 1 [ RunTime:0.014029s ]
[ sql ] [ SQL ] SELECT `id` FROM `be_series_brand` WHERE  `s_id` = 2 LIMIT 1 [ RunTime:0.012792s ]
[ sql ] [ SQL ] SELECT `id` FROM `be_series_brand` WHERE  `s_id` = 3 LIMIT 1 [ RunTime:0.012682s ]
[ sql ] [ SQL ] SELECT `id` FROM `be_series_brand` WHERE  `s_id` = 4 LIMIT 1 [ RunTime:0.013042s ]
---------------------------------------------------------------
[ 2020-03-03T15:31:04+08:00 ] 127.0.0.1 GET www.lbxr.com/doc
[ error ] [64]Cannot use app\api\model\Product as Product because the name is already in use
---------------------------------------------------------------
[ 2020-03-03T15:31:23+08:00 ] 127.0.0.1 GET www.lbxr.com/doc
[ error ] [64]Cannot use app\api\model\Product as Product because the name is already in use
---------------------------------------------------------------
[ 2020-03-03T15:31:34+08:00 ] 127.0.0.1 GET www.lbxr.com/doc
[ error ] [64]Cannot use app\api\model\Product as Product because the name is already in use
---------------------------------------------------------------
[ 2020-03-03T15:31:35+08:00 ] 127.0.0.1 GET www.lbxr.com/doc
[ error ] [64]Cannot use app\api\model\Product as Product because the name is already in use
---------------------------------------------------------------
[ 2020-03-03T15:31:39+08:00 ] 127.0.0.1 GET www.lbxr.com/doc
[ error ] [64]Cannot use app\api\model\Product as Product because the name is already in use
---------------------------------------------------------------
[ 2020-03-03T15:31:44+08:00 ] 127.0.0.1 GET www.lbxr.com/doc
[ error ] [64]Cannot use app\api\model\Product as Product because the name is already in use
---------------------------------------------------------------
[ 2020-03-03T15:31:44+08:00 ] 127.0.0.1 GET www.lbxr.com/doc
[ error ] [64]Cannot use app\api\model\Product as Product because the name is already in use
---------------------------------------------------------------
[ 2020-03-03T15:31:45+08:00 ] 127.0.0.1 GET www.lbxr.com/doc
[ error ] [64]Cannot use app\api\model\Product as Product because the name is already in use
---------------------------------------------------------------
[ 2020-03-03T15:31:59+08:00 ] 127.0.0.1 GET www.lbxr.com/doc
[运行时间：0.040656s] [吞吐率：24.60req/s] [内存消耗：2,530.89kb] [文件加载：121]
[ info ] [ BEHAVIOR ] Run Closure @app_init [ RunTime:0.000032s ]
[ info ] [ CACHE ] INIT File
[ info ] [ BEHAVIOR ] Run Closure @app_init [ RunTime:0.002097s ]
[ info ] [ LANG ] D:\phpstudy\PHPTutorial\WWW\fastadmin\thinkphp\lang\zh-cn.php
[ info ] [ ROUTE ] array (
  'type' => 'method',
  'method' => 
  array (
    0 => 'reflection\\Documents',
    1 => 'run',
  ),
  'var' => 
  array (
  ),
)
[ info ] [ HEADER ] array (
  'cache-control' => 'max-age=0',
  'upgrade-insecure-requests' => '1',
  'cookie' => 'Hm_lvt_f8d0a8c400404989e195270b0bbf060a=1579157116,1579226458,1579424574',
  'connection' => 'close',
  'accept-encoding' => 'gzip, deflate',
  'accept-language' => 'zh-CN,zh;q=0.8,zh-TW;q=0.7,zh-HK;q=0.5,en-US;q=0.3,en;q=0.2',
  'accept' => 'text/html,application/xhtml+xml,application/xml;q=0.9,image/webp,*/*;q=0.8',
  'user-agent' => 'Mozilla/5.0 (Windows NT 10.0; Win64; x64; rv:73.0) Gecko/20100101 Firefox/73.0',
  'host' => 'www.lbxr.com',
)
[ info ] [ PARAM ] array (
)
[ info ] [ RUN ] reflection\Documents->run[ D:\phpstudy\PHPTutorial\WWW\fastadmin\extend\reflection\Documents.php ]
[ info ] [ LOG ] INIT File
[ error ] [64]Cannot use app\api\model\Product as Product because the name is already in use[D:\phpstudy\PHPTutorial\WWW\fastadmin\application\api\controller\AppHomePage.php:7]
---------------------------------------------------------------
[ 2020-03-03T15:34:04+08:00 ] 127.0.0.1 GET www.lbxr.com/doc
[运行时间：0.050329s] [吞吐率：19.87req/s] [内存消耗：2,530.89kb] [文件加载：121]
[ info ] [ BEHAVIOR ] Run Closure @app_init [ RunTime:0.000035s ]
[ info ] [ CACHE ] INIT File
[ info ] [ BEHAVIOR ] Run Closure @app_init [ RunTime:0.001897s ]
[ info ] [ LANG ] D:\phpstudy\PHPTutorial\WWW\fastadmin\thinkphp\lang\zh-cn.php
[ info ] [ ROUTE ] array (
  'type' => 'method',
  'method' => 
  array (
    0 => 'reflection\\Documents',
    1 => 'run',
  ),
  'var' => 
  array (
  ),
)
[ info ] [ HEADER ] array (
  'cache-control' => 'max-age=0',
  'upgrade-insecure-requests' => '1',
  'cookie' => 'Hm_lvt_f8d0a8c400404989e195270b0bbf060a=1579157116,1579226458,1579424574',
  'connection' => 'close',
  'accept-encoding' => 'gzip, deflate',
  'accept-language' => 'zh-CN,zh;q=0.8,zh-TW;q=0.7,zh-HK;q=0.5,en-US;q=0.3,en;q=0.2',
  'accept' => 'text/html,application/xhtml+xml,application/xml;q=0.9,image/webp,*/*;q=0.8',
  'user-agent' => 'Mozilla/5.0 (Windows NT 10.0; Win64; x64; rv:73.0) Gecko/20100101 Firefox/73.0',
  'host' => 'www.lbxr.com',
)
[ info ] [ PARAM ] array (
)
[ info ] [ RUN ] reflection\Documents->run[ D:\phpstudy\PHPTutorial\WWW\fastadmin\extend\reflection\Documents.php ]
[ info ] [ LOG ] INIT File
[ error ] [64]Cannot use app\api\model\Product as Product because the name is already in use[D:\phpstudy\PHPTutorial\WWW\fastadmin\application\api\controller\AppHomePage.php:7]
---------------------------------------------------------------
[ 2020-03-03T15:51:50+08:00 ] 127.0.0.1 GET www.lbxr.com/getpseHoA
[运行时间：0.039048s] [吞吐率：25.61req/s] [内存消耗：2,316.70kb] [文件加载：115]
[ info ] [ BEHAVIOR ] Run Closure @app_init [ RunTime:0.000218s ]
[ info ] [ CACHE ] INIT File
[ info ] [ BEHAVIOR ] Run Closure @app_init [ RunTime:0.002011s ]
[ info ] [ LANG ] D:\phpstudy\PHPTutorial\WWW\fastadmin\thinkphp\lang\zh-cn.php
[ info ] [ ROUTE ] array (
  'type' => 'module',
  'module' => 
  array (
    0 => 'api',
    1 => 'AppProduct',
    2 => 'ProductSear',
  ),
  'convert' => false,
)
[ info ] [ HEADER ] array (
  'connection' => 'close',
  'accept-encoding' => 'gzip, deflate',
  'host' => 'www.lbxr.com',
  'accept' => '*/*',
  'user-agent' => 'PostmanRuntime/7.6.0',
  'postman-token' => 'b95f7951-76ad-41ff-9820-ee0d34572fcb',
  'cache-control' => 'no-cache',
)
[ info ] [ PARAM ] array (
)
[ info ] [ LANG ] D:\phpstudy\PHPTutorial\WWW\fastadmin\public/../application/api\lang\zh-cn.php
[ info ] [ BEHAVIOR ] Run app\common\behavior\Common @module_init [ RunTime:0.001820s ]
[ info ] [ RUN ] app\api\controller\AppProduct->ProductSear[ D:\phpstudy\PHPTutorial\WWW\fastadmin\application\api\controller\AppProduct.php ]
[ info ] [ LOG ] INIT File
---------------------------------------------------------------
[ 2020-03-03T15:52:16+08:00 ] 127.0.0.1 GET www.lbxr.com/getpseHoA
[运行时间：0.115738s] [吞吐率：8.64req/s] [内存消耗：3,421.65kb] [文件加载：123]
[ info ] [ BEHAVIOR ] Run Closure @app_init [ RunTime:0.000072s ]
[ info ] [ CACHE ] INIT File
[ info ] [ BEHAVIOR ] Run Closure @app_init [ RunTime:0.002799s ]
[ info ] [ LANG ] D:\phpstudy\PHPTutorial\WWW\fastadmin\thinkphp\lang\zh-cn.php
[ info ] [ ROUTE ] array (
  'type' => 'module',
  'module' => 
  array (
    0 => 'api',
    1 => 'AppProduct',
    2 => 'getpseHoA',
  ),
  'convert' => false,
)
[ info ] [ HEADER ] array (
  'connection' => 'close',
  'accept-encoding' => 'gzip, deflate',
  'host' => 'www.lbxr.com',
  'accept' => '*/*',
  'user-agent' => 'PostmanRuntime/7.6.0',
  'postman-token' => 'f8c85d74-ea76-40fb-b975-17a06bef83df',
  'cache-control' => 'no-cache',
)
[ info ] [ PARAM ] array (
)
[ info ] [ LANG ] D:\phpstudy\PHPTutorial\WWW\fastadmin\public/../application/api\lang\zh-cn.php
[ info ] [ BEHAVIOR ] Run app\common\behavior\Common @module_init [ RunTime:0.001684s ]
[ info ] [ RUN ] app\api\controller\AppProduct->getpseHoA[ D:\phpstudy\PHPTutorial\WWW\fastadmin\application\api\controller\AppProduct.php ]
[ info ] [ DB ] INIT mysql
[ info ] [ LOG ] INIT File
[ sql ] [ DB ] CONNECT:[ UseTime:0.023765s ] mysql:host=123.57.11.135;port=3306;dbname=bemarvelous;charset=utf8
[ sql ] [ SQL ] SHOW COLUMNS FROM `be_product` [ RunTime:0.017491s ]
[ sql ] [ SQL ] SELECT `id`,name as title,`image`,`price` FROM `be_product` ORDER BY `update_time` DESC LIMIT 0,2 [ RunTime:0.016369s ]
---------------------------------------------------------------
[ 2020-03-03T15:52:17+08:00 ] 127.0.0.1 GET www.lbxr.com/getpseHoA
[运行时间：0.104695s] [吞吐率：9.55req/s] [内存消耗：3,421.65kb] [文件加载：123]
[ info ] [ BEHAVIOR ] Run Closure @app_init [ RunTime:0.000038s ]
[ info ] [ CACHE ] INIT File
[ info ] [ BEHAVIOR ] Run Closure @app_init [ RunTime:0.002511s ]
[ info ] [ LANG ] D:\phpstudy\PHPTutorial\WWW\fastadmin\thinkphp\lang\zh-cn.php
[ info ] [ ROUTE ] array (
  'type' => 'module',
  'module' => 
  array (
    0 => 'api',
    1 => 'AppProduct',
    2 => 'getpseHoA',
  ),
  'convert' => false,
)
[ info ] [ HEADER ] array (
  'connection' => 'close',
  'accept-encoding' => 'gzip, deflate',
  'host' => 'www.lbxr.com',
  'accept' => '*/*',
  'user-agent' => 'PostmanRuntime/7.6.0',
  'postman-token' => '99bdb147-9baa-46ce-b4d7-0c60ba75cd76',
  'cache-control' => 'no-cache',
)
[ info ] [ PARAM ] array (
)
[ info ] [ LANG ] D:\phpstudy\PHPTutorial\WWW\fastadmin\public/../application/api\lang\zh-cn.php
[ info ] [ BEHAVIOR ] Run app\common\behavior\Common @module_init [ RunTime:0.001683s ]
[ info ] [ RUN ] app\api\controller\AppProduct->getpseHoA[ D:\phpstudy\PHPTutorial\WWW\fastadmin\application\api\controller\AppProduct.php ]
[ info ] [ DB ] INIT mysql
[ info ] [ LOG ] INIT File
[ sql ] [ DB ] CONNECT:[ UseTime:0.024722s ] mysql:host=123.57.11.135;port=3306;dbname=bemarvelous;charset=utf8
[ sql ] [ SQL ] SHOW COLUMNS FROM `be_product` [ RunTime:0.019221s ]
[ sql ] [ SQL ] SELECT `id`,name as title,`image`,`price` FROM `be_product` ORDER BY `update_time` DESC LIMIT 0,2 [ RunTime:0.015501s ]
---------------------------------------------------------------
[ 2020-03-03T15:52:18+08:00 ] 127.0.0.1 GET www.lbxr.com/getpseHoA
[运行时间：0.112476s] [吞吐率：8.89req/s] [内存消耗：3,421.65kb] [文件加载：123]
[ info ] [ BEHAVIOR ] Run Closure @app_init [ RunTime:0.000029s ]
[ info ] [ CACHE ] INIT File
[ info ] [ BEHAVIOR ] Run Closure @app_init [ RunTime:0.002074s ]
[ info ] [ LANG ] D:\phpstudy\PHPTutorial\WWW\fastadmin\thinkphp\lang\zh-cn.php
[ info ] [ ROUTE ] array (
  'type' => 'module',
  'module' => 
  array (
    0 => 'api',
    1 => 'AppProduct',
    2 => 'getpseHoA',
  ),
  'convert' => false,
)
[ info ] [ HEADER ] array (
  'connection' => 'close',
  'accept-encoding' => 'gzip, deflate',
  'host' => 'www.lbxr.com',
  'accept' => '*/*',
  'user-agent' => 'PostmanRuntime/7.6.0',
  'postman-token' => '91326e90-7a4d-4da7-95cb-f81a2962a7d9',
  'cache-control' => 'no-cache',
)
[ info ] [ PARAM ] array (
)
[ info ] [ LANG ] D:\phpstudy\PHPTutorial\WWW\fastadmin\public/../application/api\lang\zh-cn.php
[ info ] [ BEHAVIOR ] Run app\common\behavior\Common @module_init [ RunTime:0.001626s ]
[ info ] [ RUN ] app\api\controller\AppProduct->getpseHoA[ D:\phpstudy\PHPTutorial\WWW\fastadmin\application\api\controller\AppProduct.php ]
[ info ] [ DB ] INIT mysql
[ info ] [ LOG ] INIT File
[ sql ] [ DB ] CONNECT:[ UseTime:0.026283s ] mysql:host=123.57.11.135;port=3306;dbname=bemarvelous;charset=utf8
[ sql ] [ SQL ] SHOW COLUMNS FROM `be_product` [ RunTime:0.018611s ]
[ sql ] [ SQL ] SELECT `id`,name as title,`image`,`price` FROM `be_product` ORDER BY `update_time` DESC LIMIT 0,2 [ RunTime:0.018405s ]
---------------------------------------------------------------
[ 2020-03-03T15:52:19+08:00 ] 127.0.0.1 GET www.lbxr.com/getpseHoA
[运行时间：0.103855s] [吞吐率：9.63req/s] [内存消耗：3,421.65kb] [文件加载：123]
[ info ] [ BEHAVIOR ] Run Closure @app_init [ RunTime:0.000048s ]
[ info ] [ CACHE ] INIT File
[ info ] [ BEHAVIOR ] Run Closure @app_init [ RunTime:0.002502s ]
[ info ] [ LANG ] D:\phpstudy\PHPTutorial\WWW\fastadmin\thinkphp\lang\zh-cn.php
[ info ] [ ROUTE ] array (
  'type' => 'module',
  'module' => 
  array (
    0 => 'api',
    1 => 'AppProduct',
    2 => 'getpseHoA',
  ),
  'convert' => false,
)
[ info ] [ HEADER ] array (
  'connection' => 'close',
  'accept-encoding' => 'gzip, deflate',
  'host' => 'www.lbxr.com',
  'accept' => '*/*',
  'user-agent' => 'PostmanRuntime/7.6.0',
  'postman-token' => 'd450ccb6-08db-40cf-ab99-6d61d809779d',
  'cache-control' => 'no-cache',
)
[ info ] [ PARAM ] array (
)
[ info ] [ LANG ] D:\phpstudy\PHPTutorial\WWW\fastadmin\public/../application/api\lang\zh-cn.php
[ info ] [ BEHAVIOR ] Run app\common\behavior\Common @module_init [ RunTime:0.001716s ]
[ info ] [ RUN ] app\api\controller\AppProduct->getpseHoA[ D:\phpstudy\PHPTutorial\WWW\fastadmin\application\api\controller\AppProduct.php ]
[ info ] [ DB ] INIT mysql
[ info ] [ LOG ] INIT File
[ sql ] [ DB ] CONNECT:[ UseTime:0.027065s ] mysql:host=123.57.11.135;port=3306;dbname=bemarvelous;charset=utf8
[ sql ] [ SQL ] SHOW COLUMNS FROM `be_product` [ RunTime:0.016736s ]
[ sql ] [ SQL ] SELECT `id`,name as title,`image`,`price` FROM `be_product` ORDER BY `update_time` DESC LIMIT 0,2 [ RunTime:0.016468s ]
---------------------------------------------------------------
[ 2020-03-03T15:52:19+08:00 ] 127.0.0.1 GET www.lbxr.com/getpseHoA
[运行时间：0.104831s] [吞吐率：9.54req/s] [内存消耗：3,421.65kb] [文件加载：123]
[ info ] [ BEHAVIOR ] Run Closure @app_init [ RunTime:0.000059s ]
[ info ] [ CACHE ] INIT File
[ info ] [ BEHAVIOR ] Run Closure @app_init [ RunTime:0.001959s ]
[ info ] [ LANG ] D:\phpstudy\PHPTutorial\WWW\fastadmin\thinkphp\lang\zh-cn.php
[ info ] [ ROUTE ] array (
  'type' => 'module',
  'module' => 
  array (
    0 => 'api',
    1 => 'AppProduct',
    2 => 'getpseHoA',
  ),
  'convert' => false,
)
[ info ] [ HEADER ] array (
  'connection' => 'close',
  'accept-encoding' => 'gzip, deflate',
  'host' => 'www.lbxr.com',
  'accept' => '*/*',
  'user-agent' => 'PostmanRuntime/7.6.0',
  'postman-token' => '2326c6bc-e7cb-43cc-aa1e-1740504517f4',
  'cache-control' => 'no-cache',
)
[ info ] [ PARAM ] array (
)
[ info ] [ LANG ] D:\phpstudy\PHPTutorial\WWW\fastadmin\public/../application/api\lang\zh-cn.php
[ info ] [ BEHAVIOR ] Run app\common\behavior\Common @module_init [ RunTime:0.001589s ]
[ info ] [ RUN ] app\api\controller\AppProduct->getpseHoA[ D:\phpstudy\PHPTutorial\WWW\fastadmin\application\api\controller\AppProduct.php ]
[ info ] [ DB ] INIT mysql
[ info ] [ LOG ] INIT File
[ sql ] [ DB ] CONNECT:[ UseTime:0.026322s ] mysql:host=123.57.11.135;port=3306;dbname=bemarvelous;charset=utf8
[ sql ] [ SQL ] SHOW COLUMNS FROM `be_product` [ RunTime:0.017264s ]
[ sql ] [ SQL ] SELECT `id`,name as title,`image`,`price` FROM `be_product` ORDER BY `update_time` DESC LIMIT 0,2 [ RunTime:0.018345s ]
---------------------------------------------------------------
[ 2020-03-03T15:52:22+08:00 ] 127.0.0.1 GET www.lbxr.com/getpseHoA
[运行时间：0.101391s] [吞吐率：9.86req/s] [内存消耗：3,421.65kb] [文件加载：123]
[ info ] [ BEHAVIOR ] Run Closure @app_init [ RunTime:0.000031s ]
[ info ] [ CACHE ] INIT File
[ info ] [ BEHAVIOR ] Run Closure @app_init [ RunTime:0.001825s ]
[ info ] [ LANG ] D:\phpstudy\PHPTutorial\WWW\fastadmin\thinkphp\lang\zh-cn.php
[ info ] [ ROUTE ] array (
  'type' => 'module',
  'module' => 
  array (
    0 => 'api',
    1 => 'AppProduct',
    2 => 'getpseHoA',
  ),
  'convert' => false,
)
[ info ] [ HEADER ] array (
  'connection' => 'close',
  'accept-encoding' => 'gzip, deflate',
  'host' => 'www.lbxr.com',
  'accept' => '*/*',
  'user-agent' => 'PostmanRuntime/7.6.0',
  'postman-token' => '4da48323-eebf-4526-a79c-b2f996d43ad1',
  'cache-control' => 'no-cache',
)
[ info ] [ PARAM ] array (
)
[ info ] [ LANG ] D:\phpstudy\PHPTutorial\WWW\fastadmin\public/../application/api\lang\zh-cn.php
[ info ] [ BEHAVIOR ] Run app\common\behavior\Common @module_init [ RunTime:0.001538s ]
[ info ] [ RUN ] app\api\controller\AppProduct->getpseHoA[ D:\phpstudy\PHPTutorial\WWW\fastadmin\application\api\controller\AppProduct.php ]
[ info ] [ DB ] INIT mysql
[ info ] [ LOG ] INIT File
[ sql ] [ DB ] CONNECT:[ UseTime:0.026890s ] mysql:host=123.57.11.135;port=3306;dbname=bemarvelous;charset=utf8
[ sql ] [ SQL ] SHOW COLUMNS FROM `be_product` [ RunTime:0.016888s ]
[ sql ] [ SQL ] SELECT `id`,name as title,`image`,`price` FROM `be_product` ORDER BY `update_time` DESC LIMIT 0,2 [ RunTime:0.014280s ]
---------------------------------------------------------------
[ 2020-03-03T15:52:22+08:00 ] 127.0.0.1 GET www.lbxr.com/getpseHoA
[运行时间：0.110612s] [吞吐率：9.04req/s] [内存消耗：3,421.65kb] [文件加载：123]
[ info ] [ BEHAVIOR ] Run Closure @app_init [ RunTime:0.000030s ]
[ info ] [ CACHE ] INIT File
[ info ] [ BEHAVIOR ] Run Closure @app_init [ RunTime:0.001968s ]
[ info ] [ LANG ] D:\phpstudy\PHPTutorial\WWW\fastadmin\thinkphp\lang\zh-cn.php
[ info ] [ ROUTE ] array (
  'type' => 'module',
  'module' => 
  array (
    0 => 'api',
    1 => 'AppProduct',
    2 => 'getpseHoA',
  ),
  'convert' => false,
)
[ info ] [ HEADER ] array (
  'connection' => 'close',
  'accept-encoding' => 'gzip, deflate',
  'host' => 'www.lbxr.com',
  'accept' => '*/*',
  'user-agent' => 'PostmanRuntime/7.6.0',
  'postman-token' => 'e20e1627-cf1f-4bb9-8567-655bcf4454fe',
  'cache-control' => 'no-cache',
)
[ info ] [ PARAM ] array (
)
[ info ] [ LANG ] D:\phpstudy\PHPTutorial\WWW\fastadmin\public/../application/api\lang\zh-cn.php
[ info ] [ BEHAVIOR ] Run app\common\behavior\Common @module_init [ RunTime:0.001597s ]
[ info ] [ RUN ] app\api\controller\AppProduct->getpseHoA[ D:\phpstudy\PHPTutorial\WWW\fastadmin\application\api\controller\AppProduct.php ]
[ info ] [ DB ] INIT mysql
[ info ] [ LOG ] INIT File
[ sql ] [ DB ] CONNECT:[ UseTime:0.026562s ] mysql:host=123.57.11.135;port=3306;dbname=bemarvelous;charset=utf8
[ sql ] [ SQL ] SHOW COLUMNS FROM `be_product` [ RunTime:0.017083s ]
[ sql ] [ SQL ] SELECT `id`,name as title,`image`,`price` FROM `be_product` ORDER BY `update_time` DESC LIMIT 0,2 [ RunTime:0.015691s ]
---------------------------------------------------------------
[ 2020-03-03T15:52:23+08:00 ] 127.0.0.1 GET www.lbxr.com/getpseHoA
[运行时间：0.101620s] [吞吐率：9.84req/s] [内存消耗：3,421.65kb] [文件加载：123]
[ info ] [ BEHAVIOR ] Run Closure @app_init [ RunTime:0.000032s ]
[ info ] [ CACHE ] INIT File
[ info ] [ BEHAVIOR ] Run Closure @app_init [ RunTime:0.001959s ]
[ info ] [ LANG ] D:\phpstudy\PHPTutorial\WWW\fastadmin\thinkphp\lang\zh-cn.php
[ info ] [ ROUTE ] array (
  'type' => 'module',
  'module' => 
  array (
    0 => 'api',
    1 => 'AppProduct',
    2 => 'getpseHoA',
  ),
  'convert' => false,
)
[ info ] [ HEADER ] array (
  'connection' => 'close',
  'accept-encoding' => 'gzip, deflate',
  'host' => 'www.lbxr.com',
  'accept' => '*/*',
  'user-agent' => 'PostmanRuntime/7.6.0',
  'postman-token' => 'a8762021-36bd-4de2-a0ff-a0a610a402b0',
  'cache-control' => 'no-cache',
)
[ info ] [ PARAM ] array (
)
[ info ] [ LANG ] D:\phpstudy\PHPTutorial\WWW\fastadmin\public/../application/api\lang\zh-cn.php
[ info ] [ BEHAVIOR ] Run app\common\behavior\Common @module_init [ RunTime:0.002157s ]
[ info ] [ RUN ] app\api\controller\AppProduct->getpseHoA[ D:\phpstudy\PHPTutorial\WWW\fastadmin\application\api\controller\AppProduct.php ]
[ info ] [ DB ] INIT mysql
[ info ] [ LOG ] INIT File
[ sql ] [ DB ] CONNECT:[ UseTime:0.026849s ] mysql:host=123.57.11.135;port=3306;dbname=bemarvelous;charset=utf8
[ sql ] [ SQL ] SHOW COLUMNS FROM `be_product` [ RunTime:0.016132s ]
[ sql ] [ SQL ] SELECT `id`,name as title,`image`,`price` FROM `be_product` ORDER BY `update_time` DESC LIMIT 0,2 [ RunTime:0.014907s ]
---------------------------------------------------------------
[ 2020-03-03T16:03:03+08:00 ] 127.0.0.1 GET www.lbxr.com/getserFiA
[运行时间：0.059137s] [吞吐率：16.91req/s] [内存消耗：3,407.60kb] [文件加载：126]
[ info ] [ BEHAVIOR ] Run Closure @app_init [ RunTime:0.000192s ]
[ info ] [ CACHE ] INIT File
[ info ] [ BEHAVIOR ] Run Closure @app_init [ RunTime:0.001895s ]
[ info ] [ LANG ] D:\phpstudy\PHPTutorial\WWW\fastadmin\thinkphp\lang\zh-cn.php
[ info ] [ ROUTE ] array (
  'type' => 'module',
  'module' => 
  array (
    0 => 'api',
    1 => 'AppSeries',
    2 => 'SerserFiA',
  ),
  'convert' => false,
)
[ info ] [ HEADER ] array (
  'connection' => 'close',
  'accept-encoding' => 'gzip, deflate',
  'host' => 'www.lbxr.com',
  'accept' => '*/*',
  'user-agent' => 'PostmanRuntime/7.6.0',
  'postman-token' => '4521ca77-2faf-4b2c-839b-9ee3421946e1',
  'cache-control' => 'no-cache',
)
[ info ] [ PARAM ] array (
)
[ info ] [ LANG ] D:\phpstudy\PHPTutorial\WWW\fastadmin\public/../application/api\lang\zh-cn.php
[ info ] [ BEHAVIOR ] Run app\common\behavior\Common @module_init [ RunTime:0.001749s ]
[ info ] [ RUN ] app\api\controller\AppSeries->SerserFiA[ D:\phpstudy\PHPTutorial\WWW\fastadmin\application\api\controller\AppSeries.php ]
[ info ] [ DB ] INIT mysql
[ info ] [ LOG ] INIT File
[ error ] [8]未定义数组索引: id[D:\phpstudy\PHPTutorial\WWW\fastadmin\application\api\controller\AppSeries.php:87]
---------------------------------------------------------------
[ 2020-03-03T16:04:16+08:00 ] 127.0.0.1 GET www.lbxr.com/getserFiA
[运行时间：0.035912s] [吞吐率：27.85req/s] [内存消耗：2,310.53kb] [文件加载：115]
[ info ] [ BEHAVIOR ] Run Closure @app_init [ RunTime:0.000047s ]
[ info ] [ CACHE ] INIT File
[ info ] [ BEHAVIOR ] Run Closure @app_init [ RunTime:0.002013s ]
[ info ] [ LANG ] D:\phpstudy\PHPTutorial\WWW\fastadmin\thinkphp\lang\zh-cn.php
[ info ] [ ROUTE ] array (
  'type' => 'module',
  'module' => 
  array (
    0 => 'api',
    1 => 'AppSeries',
    2 => 'SerserFiA',
  ),
  'convert' => false,
)
[ info ] [ HEADER ] array (
  'connection' => 'close',
  'accept-encoding' => 'gzip, deflate',
  'host' => 'www.lbxr.com',
  'accept' => '*/*',
  'user-agent' => 'PostmanRuntime/7.6.0',
  'postman-token' => '4b9e2ea5-9805-4fb6-babf-f2a1b6d3e883',
  'cache-control' => 'no-cache',
)
[ info ] [ PARAM ] array (
)
[ info ] [ LANG ] D:\phpstudy\PHPTutorial\WWW\fastadmin\public/../application/api\lang\zh-cn.php
[ info ] [ BEHAVIOR ] Run app\common\behavior\Common @module_init [ RunTime:0.001674s ]
[ info ] [ RUN ] app\api\controller\AppSeries->SerserFiA[ D:\phpstudy\PHPTutorial\WWW\fastadmin\application\api\controller\AppSeries.php ]
[ info ] [ LOG ] INIT File
---------------------------------------------------------------
[ 2020-03-03T16:04:19+08:00 ] 127.0.0.1 GET www.lbxr.com/getserFiA
[运行时间：0.036183s] [吞吐率：27.64req/s] [内存消耗：2,310.53kb] [文件加载：115]
[ info ] [ BEHAVIOR ] Run Closure @app_init [ RunTime:0.000030s ]
[ info ] [ CACHE ] INIT File
[ info ] [ BEHAVIOR ] Run Closure @app_init [ RunTime:0.002566s ]
[ info ] [ LANG ] D:\phpstudy\PHPTutorial\WWW\fastadmin\thinkphp\lang\zh-cn.php
[ info ] [ ROUTE ] array (
  'type' => 'module',
  'module' => 
  array (
    0 => 'api',
    1 => 'AppSeries',
    2 => 'SerserFiA',
  ),
  'convert' => false,
)
[ info ] [ HEADER ] array (
  'connection' => 'close',
  'accept-encoding' => 'gzip, deflate',
  'host' => 'www.lbxr.com',
  'accept' => '*/*',
  'user-agent' => 'PostmanRuntime/7.6.0',
  'postman-token' => '28017b34-2e45-4707-b7a8-2afb12aad641',
  'cache-control' => 'no-cache',
)
[ info ] [ PARAM ] array (
)
[ info ] [ LANG ] D:\phpstudy\PHPTutorial\WWW\fastadmin\public/../application/api\lang\zh-cn.php
[ info ] [ BEHAVIOR ] Run app\common\behavior\Common @module_init [ RunTime:0.001602s ]
[ info ] [ RUN ] app\api\controller\AppSeries->SerserFiA[ D:\phpstudy\PHPTutorial\WWW\fastadmin\application\api\controller\AppSeries.php ]
[ info ] [ LOG ] INIT File
---------------------------------------------------------------
[ 2020-03-03T16:04:21+08:00 ] 127.0.0.1 GET www.lbxr.com/getserFiA
[运行时间：0.037397s] [吞吐率：26.74req/s] [内存消耗：2,310.53kb] [文件加载：115]
[ info ] [ BEHAVIOR ] Run Closure @app_init [ RunTime:0.000040s ]
[ info ] [ CACHE ] INIT File
[ info ] [ BEHAVIOR ] Run Closure @app_init [ RunTime:0.001834s ]
[ info ] [ LANG ] D:\phpstudy\PHPTutorial\WWW\fastadmin\thinkphp\lang\zh-cn.php
[ info ] [ ROUTE ] array (
  'type' => 'module',
  'module' => 
  array (
    0 => 'api',
    1 => 'AppSeries',
    2 => 'SerserFiA',
  ),
  'convert' => false,
)
[ info ] [ HEADER ] array (
  'connection' => 'close',
  'accept-encoding' => 'gzip, deflate',
  'host' => 'www.lbxr.com',
  'accept' => '*/*',
  'user-agent' => 'PostmanRuntime/7.6.0',
  'postman-token' => '6a21654e-8ad4-40c5-9570-16634fafdf48',
  'cache-control' => 'no-cache',
)
[ info ] [ PARAM ] array (
)
[ info ] [ LANG ] D:\phpstudy\PHPTutorial\WWW\fastadmin\public/../application/api\lang\zh-cn.php
[ info ] [ BEHAVIOR ] Run app\common\behavior\Common @module_init [ RunTime:0.001716s ]
[ info ] [ RUN ] app\api\controller\AppSeries->SerserFiA[ D:\phpstudy\PHPTutorial\WWW\fastadmin\application\api\controller\AppSeries.php ]
[ info ] [ LOG ] INIT File
---------------------------------------------------------------
[ 2020-03-03T16:04:37+08:00 ] 127.0.0.1 GET www.lbxr.com/getserFiA?id=1
[运行时间：0.144858s] [吞吐率：6.90req/s] [内存消耗：3,428.58kb] [文件加载：123]
[ info ] [ BEHAVIOR ] Run Closure @app_init [ RunTime:0.000044s ]
[ info ] [ CACHE ] INIT File
[ info ] [ BEHAVIOR ] Run Closure @app_init [ RunTime:0.002017s ]
[ info ] [ LANG ] D:\phpstudy\PHPTutorial\WWW\fastadmin\thinkphp\lang\zh-cn.php
[ info ] [ ROUTE ] array (
  'type' => 'module',
  'module' => 
  array (
    0 => 'api',
    1 => 'AppSeries',
    2 => 'SerserFiA',
  ),
  'convert' => false,
)
[ info ] [ HEADER ] array (
  'connection' => 'close',
  'accept-encoding' => 'gzip, deflate',
  'host' => 'www.lbxr.com',
  'accept' => '*/*',
  'user-agent' => 'PostmanRuntime/7.6.0',
  'postman-token' => '81179679-c347-47ec-a114-6f11dc0ab5c5',
  'cache-control' => 'no-cache',
)
[ info ] [ PARAM ] array (
  'id' => '1',
)
[ info ] [ LANG ] D:\phpstudy\PHPTutorial\WWW\fastadmin\public/../application/api\lang\zh-cn.php
[ info ] [ BEHAVIOR ] Run app\common\behavior\Common @module_init [ RunTime:0.001756s ]
[ info ] [ RUN ] app\api\controller\AppSeries->SerserFiA[ D:\phpstudy\PHPTutorial\WWW\fastadmin\application\api\controller\AppSeries.php ]
[ info ] [ DB ] INIT mysql
[ info ] [ LOG ] INIT File
[ sql ] [ DB ] CONNECT:[ UseTime:0.027935s ] mysql:host=123.57.11.135;port=3306;dbname=bemarvelous;charset=utf8
[ sql ] [ SQL ] SHOW COLUMNS FROM `be_series` [ RunTime:0.020775s ]
[ sql ] [ SQL ] SELECT `id`,`title`,`image`,date_format(update_time,"%Y-%m-%d") as time,`content` FROM `be_series` WHERE  `id` = 1 LIMIT 1 [ RunTime:0.019296s ]
[ sql ] [ SQL ] SHOW COLUMNS FROM `be_product` [ RunTime:0.015299s ]
[ sql ] [ SQL ] SELECT `id`,name as title,`image`,`price` FROM `be_product` WHERE  `series_id` = 1 ORDER BY `update_time` DESC LIMIT 0,3 [ RunTime:0.014490s ]
---------------------------------------------------------------
[ 2020-03-03T16:04:59+08:00 ] 127.0.0.1 GET www.lbxr.com/getproLiA?id=1
[运行时间：0.127421s] [吞吐率：7.85req/s] [内存消耗：3,488.16kb] [文件加载：124]
[ info ] [ BEHAVIOR ] Run Closure @app_init [ RunTime:0.000030s ]
[ info ] [ CACHE ] INIT File
[ info ] [ BEHAVIOR ] Run Closure @app_init [ RunTime:0.001921s ]
[ info ] [ LANG ] D:\phpstudy\PHPTutorial\WWW\fastadmin\thinkphp\lang\zh-cn.php
[ info ] [ ROUTE ] array (
  'type' => 'module',
  'module' => 
  array (
    0 => 'api',
    1 => 'AppProduct',
    2 => 'PorductList',
  ),
  'convert' => false,
)
[ info ] [ HEADER ] array (
  'connection' => 'close',
  'accept-encoding' => 'gzip, deflate',
  'host' => 'www.lbxr.com',
  'accept' => '*/*',
  'user-agent' => 'PostmanRuntime/7.6.0',
  'postman-token' => 'd9312b64-1d93-453d-8e40-5ce1a80abd5d',
  'cache-control' => 'no-cache',
)
[ info ] [ PARAM ] array (
  'id' => '1',
)
[ info ] [ LANG ] D:\phpstudy\PHPTutorial\WWW\fastadmin\public/../application/api\lang\zh-cn.php
[ info ] [ BEHAVIOR ] Run app\common\behavior\Common @module_init [ RunTime:0.001608s ]
[ info ] [ RUN ] app\api\controller\AppProduct->PorductList[ D:\phpstudy\PHPTutorial\WWW\fastadmin\application\api\controller\AppProduct.php ]
[ info ] [ DB ] INIT mysql
[ info ] [ LOG ] INIT File
[ sql ] [ DB ] CONNECT:[ UseTime:0.026891s ] mysql:host=123.57.11.135;port=3306;dbname=bemarvelous;charset=utf8
[ sql ] [ SQL ] SHOW COLUMNS FROM `be_product` [ RunTime:0.016703s ]
[ sql ] [ SQL ] SELECT COUNT(*) AS tp_count FROM `be_product` `a` WHERE  (  a.big_type=1 OR a.small_type=1 ) LIMIT 1 [ RunTime:0.017870s ]
[ sql ] [ SQL ] SELECT `a`.`id`,a.name as title,`a`.`price`,`a`.`image` FROM `be_product` `a` WHERE  (  a.big_type=1 OR a.small_type=1 ) ORDER BY `a`.`update_time` DESC LIMIT 0,10 [ RunTime:0.019686s ]
---------------------------------------------------------------
[ 2020-03-03T16:05:35+08:00 ] 127.0.0.1 GET www.lbxr.com/getproFiA?id=1
[运行时间：0.130029s] [吞吐率：7.69req/s] [内存消耗：3,489.16kb] [文件加载：123]
[ info ] [ BEHAVIOR ] Run Closure @app_init [ RunTime:0.000065s ]
[ info ] [ CACHE ] INIT File
[ info ] [ BEHAVIOR ] Run Closure @app_init [ RunTime:0.002299s ]
[ info ] [ LANG ] D:\phpstudy\PHPTutorial\WWW\fastadmin\thinkphp\lang\zh-cn.php
[ info ] [ ROUTE ] array (
  'type' => 'module',
  'module' => 
  array (
    0 => 'api',
    1 => 'AppProduct',
    2 => 'ProductFind',
  ),
  'convert' => false,
)
[ info ] [ HEADER ] array (
  'connection' => 'close',
  'accept-encoding' => 'gzip, deflate',
  'host' => 'www.lbxr.com',
  'accept' => '*/*',
  'user-agent' => 'PostmanRuntime/7.6.0',
  'postman-token' => '9ded90c3-9e01-49bd-850f-3bb289083f39',
  'cache-control' => 'no-cache',
)
[ info ] [ PARAM ] array (
  'id' => '1',
)
[ info ] [ LANG ] D:\phpstudy\PHPTutorial\WWW\fastadmin\public/../application/api\lang\zh-cn.php
[ info ] [ BEHAVIOR ] Run app\common\behavior\Common @module_init [ RunTime:0.001689s ]
[ info ] [ RUN ] app\api\controller\AppProduct->ProductFind[ D:\phpstudy\PHPTutorial\WWW\fastadmin\application\api\controller\AppProduct.php ]
[ info ] [ DB ] INIT mysql
[ info ] [ LOG ] INIT File
[ sql ] [ DB ] CONNECT:[ UseTime:0.030380s ] mysql:host=123.57.11.135;port=3306;dbname=bemarvelous;charset=utf8
[ sql ] [ SQL ] SHOW COLUMNS FROM `be_product` [ RunTime:0.018680s ]
[ sql ] [ SQL ] SELECT `a`.`id`,a.name as title,`a`.`price`,`a`.`series_id`,`a`.`brief`,a.details_image as d_image,`a`.`specs`,a.brief_image as b_image,`a`.`goods_specs`,`a`.`con_image`,a.con_title as c_title,a.con as content,a.con1 as content2,`a`.`small_type`,s.id as s_id,s.type as type FROM `be_product` `a` LEFT JOIN `be_series` `s` ON `a`.`big_type`=`s`.`id` WHERE  `a`.`id` = '1' LIMIT 1 [ RunTime:0.018698s ]
[ sql ] [ SQL ] SELECT `id`,name as title,`image`,`price` FROM `be_product` WHERE  `series_id` = 1  AND `id` <> 1 LIMIT 0,3 [ RunTime:0.015393s ]
---------------------------------------------------------------
[ 2020-03-03T16:09:31+08:00 ] 127.0.0.1 GET www.lbxr.com/getproFiA?id=1
[运行时间：0.119988s] [吞吐率：8.33req/s] [内存消耗：3,489.16kb] [文件加载：123]
[ info ] [ BEHAVIOR ] Run Closure @app_init [ RunTime:0.000034s ]
[ info ] [ CACHE ] INIT File
[ info ] [ BEHAVIOR ] Run Closure @app_init [ RunTime:0.002030s ]
[ info ] [ LANG ] D:\phpstudy\PHPTutorial\WWW\fastadmin\thinkphp\lang\zh-cn.php
[ info ] [ ROUTE ] array (
  'type' => 'module',
  'module' => 
  array (
    0 => 'api',
    1 => 'AppProduct',
    2 => 'ProductFind',
  ),
  'convert' => false,
)
[ info ] [ HEADER ] array (
  'connection' => 'close',
  'accept-encoding' => 'gzip, deflate',
  'host' => 'www.lbxr.com',
  'accept' => '*/*',
  'user-agent' => 'PostmanRuntime/7.6.0',
  'postman-token' => 'c324c5ef-cb21-42e4-8eac-831a3f82feee',
  'cache-control' => 'no-cache',
)
[ info ] [ PARAM ] array (
  'id' => '1',
)
[ info ] [ LANG ] D:\phpstudy\PHPTutorial\WWW\fastadmin\public/../application/api\lang\zh-cn.php
[ info ] [ BEHAVIOR ] Run app\common\behavior\Common @module_init [ RunTime:0.001669s ]
[ info ] [ RUN ] app\api\controller\AppProduct->ProductFind[ D:\phpstudy\PHPTutorial\WWW\fastadmin\application\api\controller\AppProduct.php ]
[ info ] [ DB ] INIT mysql
[ info ] [ LOG ] INIT File
[ sql ] [ DB ] CONNECT:[ UseTime:0.025094s ] mysql:host=123.57.11.135;port=3306;dbname=bemarvelous;charset=utf8
[ sql ] [ SQL ] SHOW COLUMNS FROM `be_product` [ RunTime:0.017677s ]
[ sql ] [ SQL ] SELECT `a`.`id`,a.name as title,`a`.`price`,`a`.`series_id`,`a`.`brief`,a.details_image as d_image,`a`.`specs`,a.brief_image as b_image,`a`.`goods_specs`,`a`.`con_image`,a.con_title as c_title,a.con as content,a.con1 as content2,`a`.`small_type`,s.id as s_id,s.type as type FROM `be_product` `a` LEFT JOIN `be_series` `s` ON `a`.`big_type`=`s`.`id` WHERE  `a`.`id` = '1' LIMIT 1 [ RunTime:0.016289s ]
[ sql ] [ SQL ] SELECT `id`,name as title,`image`,`price` FROM `be_product` WHERE  `series_id` = 1  AND `id` <> 1 LIMIT 0,3 [ RunTime:0.012833s ]
---------------------------------------------------------------
[ 2020-03-03T16:10:02+08:00 ] 127.0.0.1 GET www.lbxr.com/getproFiA?id=1
[运行时间：0.117551s] [吞吐率：8.51req/s] [内存消耗：3,489.16kb] [文件加载：123]
[ info ] [ BEHAVIOR ] Run Closure @app_init [ RunTime:0.000185s ]
[ info ] [ CACHE ] INIT File
[ info ] [ BEHAVIOR ] Run Closure @app_init [ RunTime:0.001974s ]
[ info ] [ LANG ] D:\phpstudy\PHPTutorial\WWW\fastadmin\thinkphp\lang\zh-cn.php
[ info ] [ ROUTE ] array (
  'type' => 'module',
  'module' => 
  array (
    0 => 'api',
    1 => 'AppProduct',
    2 => 'ProductFind',
  ),
  'convert' => false,
)
[ info ] [ HEADER ] array (
  'connection' => 'close',
  'accept-encoding' => 'gzip, deflate',
  'host' => 'www.lbxr.com',
  'accept' => '*/*',
  'user-agent' => 'PostmanRuntime/7.6.0',
  'postman-token' => '571e76fd-9f7b-4fcd-ab45-8e674cedb30a',
  'cache-control' => 'no-cache',
)
[ info ] [ PARAM ] array (
  'id' => '1',
)
[ info ] [ LANG ] D:\phpstudy\PHPTutorial\WWW\fastadmin\public/../application/api\lang\zh-cn.php
[ info ] [ BEHAVIOR ] Run app\common\behavior\Common @module_init [ RunTime:0.001724s ]
[ info ] [ RUN ] app\api\controller\AppProduct->ProductFind[ D:\phpstudy\PHPTutorial\WWW\fastadmin\application\api\controller\AppProduct.php ]
[ info ] [ DB ] INIT mysql
[ info ] [ LOG ] INIT File
[ sql ] [ DB ] CONNECT:[ UseTime:0.026034s ] mysql:host=123.57.11.135;port=3306;dbname=bemarvelous;charset=utf8
[ sql ] [ SQL ] SHOW COLUMNS FROM `be_product` [ RunTime:0.016910s ]
[ sql ] [ SQL ] SELECT `a`.`id`,a.name as title,`a`.`price`,`a`.`series_id`,`a`.`brief`,a.details_image as d_image,`a`.`specs`,a.brief_image as b_image,`a`.`goods_specs`,`a`.`con_image`,a.con_title as c_title,a.con as content,a.con1 as content2,`a`.`small_type`,s.id as s_id,s.type as type FROM `be_product` `a` LEFT JOIN `be_series` `s` ON `a`.`big_type`=`s`.`id` WHERE  `a`.`id` = '1' LIMIT 1 [ RunTime:0.014680s ]
[ sql ] [ SQL ] SELECT `id`,name as title,`image`,`price` FROM `be_product` WHERE  `series_id` = 1  AND `id` <> 1 LIMIT 0,3 [ RunTime:0.010934s ]
---------------------------------------------------------------
[ 2020-03-03T16:10:35+08:00 ] 127.0.0.1 GET www.lbxr.com/getproSeA?id=1
[运行时间：0.037498s] [吞吐率：26.67req/s] [内存消耗：2,315.18kb] [文件加载：115]
[ info ] [ BEHAVIOR ] Run Closure @app_init [ RunTime:0.000032s ]
[ info ] [ CACHE ] INIT File
[ info ] [ BEHAVIOR ] Run Closure @app_init [ RunTime:0.001895s ]
[ info ] [ LANG ] D:\phpstudy\PHPTutorial\WWW\fastadmin\thinkphp\lang\zh-cn.php
[ info ] [ ROUTE ] array (
  'type' => 'module',
  'module' => 
  array (
    0 => 'api',
    1 => 'AppProduct',
    2 => 'ProductSear',
  ),
  'convert' => false,
)
[ info ] [ HEADER ] array (
  'connection' => 'close',
  'accept-encoding' => 'gzip, deflate',
  'host' => 'www.lbxr.com',
  'accept' => '*/*',
  'user-agent' => 'PostmanRuntime/7.6.0',
  'postman-token' => '755b0056-216b-468f-be00-2fa37a5082d1',
  'cache-control' => 'no-cache',
)
[ info ] [ PARAM ] array (
  'id' => '1',
)
[ info ] [ LANG ] D:\phpstudy\PHPTutorial\WWW\fastadmin\public/../application/api\lang\zh-cn.php
[ info ] [ BEHAVIOR ] Run app\common\behavior\Common @module_init [ RunTime:0.001602s ]
[ info ] [ RUN ] app\api\controller\AppProduct->ProductSear[ D:\phpstudy\PHPTutorial\WWW\fastadmin\application\api\controller\AppProduct.php ]
[ info ] [ LOG ] INIT File
---------------------------------------------------------------
[ 2020-03-03T16:10:47+08:00 ] 127.0.0.1 GET www.lbxr.com/getproSeA?id=1&name=2
[运行时间：0.166802s] [吞吐率：6.00req/s] [内存消耗：3,489.25kb] [文件加载：124]
[ info ] [ BEHAVIOR ] Run Closure @app_init [ RunTime:0.000030s ]
[ info ] [ CACHE ] INIT File
[ info ] [ BEHAVIOR ] Run Closure @app_init [ RunTime:0.002061s ]
[ info ] [ LANG ] D:\phpstudy\PHPTutorial\WWW\fastadmin\thinkphp\lang\zh-cn.php
[ info ] [ ROUTE ] array (
  'type' => 'module',
  'module' => 
  array (
    0 => 'api',
    1 => 'AppProduct',
    2 => 'ProductSear',
  ),
  'convert' => false,
)
[ info ] [ HEADER ] array (
  'connection' => 'close',
  'accept-encoding' => 'gzip, deflate',
  'host' => 'www.lbxr.com',
  'accept' => '*/*',
  'user-agent' => 'PostmanRuntime/7.6.0',
  'postman-token' => 'c4b1134e-0ffd-4f87-9430-c474e4e0afab',
  'cache-control' => 'no-cache',
)
[ info ] [ PARAM ] array (
  'id' => '1',
  'name' => '2',
)
[ info ] [ LANG ] D:\phpstudy\PHPTutorial\WWW\fastadmin\public/../application/api\lang\zh-cn.php
[ info ] [ BEHAVIOR ] Run app\common\behavior\Common @module_init [ RunTime:0.002324s ]
[ info ] [ RUN ] app\api\controller\AppProduct->ProductSear[ D:\phpstudy\PHPTutorial\WWW\fastadmin\application\api\controller\AppProduct.php ]
[ info ] [ DB ] INIT mysql
[ info ] [ LOG ] INIT File
[ sql ] [ DB ] CONNECT:[ UseTime:0.033370s ] mysql:host=123.57.11.135;port=3306;dbname=bemarvelous;charset=utf8
[ sql ] [ SQL ] SHOW COLUMNS FROM `be_product` [ RunTime:0.017039s ]
[ sql ] [ SQL ] SELECT COUNT(*) AS tp_count FROM `be_product` WHERE  `name` LIKE '%2%' LIMIT 1 [ RunTime:0.016122s ]
[ sql ] [ SQL ] SELECT `a`.`id`,a.name as title,`a`.`image`,`a`.`price` FROM `be_product` `a` WHERE  `name` LIKE '%2%' ORDER BY `a`.`update_time` DESC LIMIT 0,10 [ RunTime:0.014540s ]
[ sql ] [ SQL ] SELECT `id`,name as title,`image`,`price` FROM `be_product` WHERE  `name` NOT LIKE '%2%' ORDER BY `update_time` DESC LIMIT 0,2 [ RunTime:0.012056s ]
[ sql ] [ SQL ] SHOW COLUMNS FROM `be_series` [ RunTime:0.012424s ]
[ sql ] [ SQL ] SELECT `id` FROM `be_series` ORDER BY `update_time` DESC LIMIT 1 [ RunTime:0.010540s ]
---------------------------------------------------------------
[ 2020-03-03T16:11:54+08:00 ] 127.0.0.1 GET www.lbxr.com/getproSeA?id=1&name=2
[运行时间：0.144662s] [吞吐率：6.91req/s] [内存消耗：3,488.44kb] [文件加载：124]
[ info ] [ BEHAVIOR ] Run Closure @app_init [ RunTime:0.000047s ]
[ info ] [ CACHE ] INIT File
[ info ] [ BEHAVIOR ] Run Closure @app_init [ RunTime:0.002420s ]
[ info ] [ LANG ] D:\phpstudy\PHPTutorial\WWW\fastadmin\thinkphp\lang\zh-cn.php
[ info ] [ ROUTE ] array (
  'type' => 'module',
  'module' => 
  array (
    0 => 'api',
    1 => 'AppProduct',
    2 => 'ProductSear',
  ),
  'convert' => false,
)
[ info ] [ HEADER ] array (
  'connection' => 'close',
  'accept-encoding' => 'gzip, deflate',
  'host' => 'www.lbxr.com',
  'accept' => '*/*',
  'user-agent' => 'PostmanRuntime/7.6.0',
  'postman-token' => 'f6f74280-c843-4eb7-8812-6091fb247a09',
  'cache-control' => 'no-cache',
)
[ info ] [ PARAM ] array (
  'id' => '1',
  'name' => '2',
)
[ info ] [ LANG ] D:\phpstudy\PHPTutorial\WWW\fastadmin\public/../application/api\lang\zh-cn.php
[ info ] [ BEHAVIOR ] Run app\common\behavior\Common @module_init [ RunTime:0.001843s ]
[ info ] [ RUN ] app\api\controller\AppProduct->ProductSear[ D:\phpstudy\PHPTutorial\WWW\fastadmin\application\api\controller\AppProduct.php ]
[ info ] [ DB ] INIT mysql
[ info ] [ LOG ] INIT File
[ sql ] [ DB ] CONNECT:[ UseTime:0.033046s ] mysql:host=123.57.11.135;port=3306;dbname=bemarvelous;charset=utf8
[ sql ] [ SQL ] SHOW COLUMNS FROM `be_product` [ RunTime:0.021611s ]
[ sql ] [ SQL ] SELECT COUNT(*) AS tp_count FROM `be_product` WHERE  `name` LIKE '%2%' LIMIT 1 [ RunTime:0.020849s ]
[ sql ] [ SQL ] SELECT `a`.`id`,a.name as title,`a`.`image`,`a`.`price` FROM `be_product` `a` WHERE  `name` LIKE '%2%' ORDER BY `a`.`update_time` DESC LIMIT 0,10 [ RunTime:0.019370s ]
---------------------------------------------------------------
[ 2020-03-03T16:12:04+08:00 ] 127.0.0.1 GET www.lbxr.com/getpseHoA?id=1&name=2
[运行时间：0.118972s] [吞吐率：8.41req/s] [内存消耗：3,417.83kb] [文件加载：123]
[ info ] [ BEHAVIOR ] Run Closure @app_init [ RunTime:0.000042s ]
[ info ] [ CACHE ] INIT File
[ info ] [ BEHAVIOR ] Run Closure @app_init [ RunTime:0.002472s ]
[ info ] [ LANG ] D:\phpstudy\PHPTutorial\WWW\fastadmin\thinkphp\lang\zh-cn.php
[ info ] [ ROUTE ] array (
  'type' => 'module',
  'module' => 
  array (
    0 => 'api',
    1 => 'AppProduct',
    2 => 'getpseHoA',
  ),
  'convert' => false,
)
[ info ] [ HEADER ] array (
  'connection' => 'close',
  'accept-encoding' => 'gzip, deflate',
  'host' => 'www.lbxr.com',
  'accept' => '*/*',
  'user-agent' => 'PostmanRuntime/7.6.0',
  'postman-token' => '4e61aa1e-26b9-4982-b9db-06cefbd692d1',
  'cache-control' => 'no-cache',
)
[ info ] [ PARAM ] array (
  'id' => '1',
  'name' => '2',
)
[ info ] [ LANG ] D:\phpstudy\PHPTutorial\WWW\fastadmin\public/../application/api\lang\zh-cn.php
[ info ] [ BEHAVIOR ] Run app\common\behavior\Common @module_init [ RunTime:0.002437s ]
[ info ] [ RUN ] app\api\controller\AppProduct->getpseHoA[ D:\phpstudy\PHPTutorial\WWW\fastadmin\application\api\controller\AppProduct.php ]
[ info ] [ DB ] INIT mysql
[ info ] [ LOG ] INIT File
[ sql ] [ DB ] CONNECT:[ UseTime:0.027253s ] mysql:host=123.57.11.135;port=3306;dbname=bemarvelous;charset=utf8
[ sql ] [ SQL ] SHOW COLUMNS FROM `be_product` [ RunTime:0.019220s ]
[ sql ] [ SQL ] SELECT `id`,name as title,`image`,`price` FROM `be_product` ORDER BY `update_time` DESC LIMIT 0,2 [ RunTime:0.017736s ]
---------------------------------------------------------------
[ 2020-03-03T16:12:11+08:00 ] 127.0.0.1 GET www.lbxr.com/getserbLiA?id=1&name=2
[运行时间：0.120686s] [吞吐率：8.29req/s] [内存消耗：3,430.63kb] [文件加载：124]
[ info ] [ BEHAVIOR ] Run Closure @app_init [ RunTime:0.000030s ]
[ info ] [ CACHE ] INIT File
[ info ] [ BEHAVIOR ] Run Closure @app_init [ RunTime:0.001815s ]
[ info ] [ LANG ] D:\phpstudy\PHPTutorial\WWW\fastadmin\thinkphp\lang\zh-cn.php
[ info ] [ ROUTE ] array (
  'type' => 'module',
  'module' => 
  array (
    0 => 'api',
    1 => 'AppSeriesBrand',
    2 => 'SeriesBrandList',
  ),
  'convert' => false,
)
[ info ] [ HEADER ] array (
  'connection' => 'close',
  'accept-encoding' => 'gzip, deflate',
  'host' => 'www.lbxr.com',
  'accept' => '*/*',
  'user-agent' => 'PostmanRuntime/7.6.0',
  'postman-token' => '68d4bf95-9d02-42b7-adf5-00d726695fc2',
  'cache-control' => 'no-cache',
)
[ info ] [ PARAM ] array (
  'id' => '1',
  'name' => '2',
)
[ info ] [ LANG ] D:\phpstudy\PHPTutorial\WWW\fastadmin\public/../application/api\lang\zh-cn.php
[ info ] [ BEHAVIOR ] Run app\common\behavior\Common @module_init [ RunTime:0.001593s ]
[ info ] [ RUN ] app\api\controller\AppSeriesBrand->SeriesBrandList[ D:\phpstudy\PHPTutorial\WWW\fastadmin\application\api\controller\AppSeriesBrand.php ]
[ info ] [ DB ] INIT mysql
[ info ] [ LOG ] INIT File
[ sql ] [ DB ] CONNECT:[ UseTime:0.026554s ] mysql:host=123.57.11.135;port=3306;dbname=bemarvelous;charset=utf8
[ sql ] [ SQL ] SHOW COLUMNS FROM `be_series_brand` [ RunTime:0.016185s ]
[ sql ] [ SQL ] SELECT COUNT(*) AS tp_count FROM `be_series_brand` `a` LEFT JOIN `be_series` `s` ON `a`.`s_id`=`s`.`id` WHERE  `s`.`id` = '1' LIMIT 1 [ RunTime:0.016693s ]
[ sql ] [ SQL ] SELECT `a`.`id`,`a`.`title`,`a`.`brief`,`a`.`image`,date_format(a.update_time,"%Y-%m-%d") as time FROM `be_series_brand` `a` LEFT JOIN `be_series` `s` ON `a`.`s_id`=`s`.`id` WHERE  `s`.`id` = '1' ORDER BY `a`.`update_time` DESC LIMIT 0,10 [ RunTime:0.016978s ]
---------------------------------------------------------------
[ 2020-03-03T16:12:20+08:00 ] 127.0.0.1 GET www.lbxr.com/getserbFiA?id=1&name=2
[运行时间：0.137349s] [吞吐率：7.28req/s] [内存消耗：3,374.44kb] [文件加载：123]
[ info ] [ BEHAVIOR ] Run Closure @app_init [ RunTime:0.000063s ]
[ info ] [ CACHE ] INIT File
[ info ] [ BEHAVIOR ] Run Closure @app_init [ RunTime:0.001919s ]
[ info ] [ LANG ] D:\phpstudy\PHPTutorial\WWW\fastadmin\thinkphp\lang\zh-cn.php
[ info ] [ ROUTE ] array (
  'type' => 'module',
  'module' => 
  array (
    0 => 'api',
    1 => 'AppSeriesBrand',
    2 => 'SeriesBrandFind',
  ),
  'convert' => false,
)
[ info ] [ HEADER ] array (
  'connection' => 'close',
  'accept-encoding' => 'gzip, deflate',
  'host' => 'www.lbxr.com',
  'accept' => '*/*',
  'user-agent' => 'PostmanRuntime/7.6.0',
  'postman-token' => 'cd4d826f-a6a7-4951-a0ab-2b37399be8f7',
  'cache-control' => 'no-cache',
)
[ info ] [ PARAM ] array (
  'id' => '1',
  'name' => '2',
)
[ info ] [ LANG ] D:\phpstudy\PHPTutorial\WWW\fastadmin\public/../application/api\lang\zh-cn.php
[ info ] [ BEHAVIOR ] Run app\common\behavior\Common @module_init [ RunTime:0.002070s ]
[ info ] [ RUN ] app\api\controller\AppSeriesBrand->SeriesBrandFind[ D:\phpstudy\PHPTutorial\WWW\fastadmin\application\api\controller\AppSeriesBrand.php ]
[ info ] [ DB ] INIT mysql
[ info ] [ LOG ] INIT File
[ sql ] [ DB ] CONNECT:[ UseTime:0.024283s ] mysql:host=123.57.11.135;port=3306;dbname=bemarvelous;charset=utf8
[ sql ] [ SQL ] SHOW COLUMNS FROM `be_series_brand` [ RunTime:0.017230s ]
[ sql ] [ SQL ] SELECT `a`.`id`,`a`.`title`,`a`.`image`,`a`.`s_id`,s.title as series_title,s.brief as series_brief,b.ori_title as o_title,b.ori_brief as o_brief,b.ori_image as o_image1,b.ori_con as o_con1,b.ori_image1 as o_image2,b.ori_con1 as o_con2,b.idea_title as i_title,b.idea_brief as i_brief,b.idea_image  as i_image,b.idea_con as i_con,b.stor_title as s_title,b.stor_brief as  s_brief,b.stor_image as s_image,b.stor_con as s_con1,b.stor_con1 as s_con2,b.stor_vide as s_vide,b.vide_con as v_con,b.adva_title as a_title,b.adva_brief as a_brief,b.adva_image as a_image,b.adva_name as a_name,b.adva_image1 as a_image1,b.adva_name1 as a_name1,b.adva_image2 as a_image2,b.adva_name2 as a_name2,b.adva_con as a_con,date_format(a.update_time,"%Y-%m-%d") as time FROM `be_series_brand` `a` LEFT JOIN `be_series` `s` ON `a`.`s_id`=`s`.`id` LEFT JOIN `be_series_brand_list` `b` ON `a`.`l_id`=`b`.`id` WHERE  `a`.`id` = '1' ORDER BY `a`.`update_time` DESC LIMIT 1 [ RunTime:0.016747s ]
[ sql ] [ SQL ] SHOW COLUMNS FROM `be_product` [ RunTime:0.011542s ]
[ sql ] [ SQL ] SELECT `id`,name as title,`image`,`price` FROM `be_product` WHERE  `series_id` = 1 LIMIT 0,3 [ RunTime:0.010931s ]
