---------------------------------------------------------------
[ 2020-03-05T09:51:12+08:00 ] 127.0.0.1 GET www.lbxr.com/getproFiA?id=1
[ sql ] [ DB ] CONNECT:[ UseTime:0.029657s ] mysql:host=123.57.11.135;port=3306;dbname=bemarvelous;charset=utf8
[ sql ] [ SQL ] SHOW COLUMNS FROM `be_product` [ RunTime:0.018813s ]
[ sql ] [ SQL ] SELECT `a`.`id`,a.name as title,`a`.`price`,`a`.`series_id`,`a`.`brief`,a.details_image as d_image,`a`.`specs`,a.brief_image as b_image,`a`.`goods_specs`,`a`.`con_image`,a.con_title as c_title,a.con as content,a.con1 as content2,`a`.`small_type`,s.id as s_id,s.type as type FROM `be_product` `a` LEFT JOIN `be_series` `s` ON `a`.`big_type`=`s`.`id` WHERE  `a`.`id` = '1' LIMIT 1 [ RunTime:0.018070s ]
---------------------------------------------------------------
[ 2020-03-05T09:53:30+08:00 ] 127.0.0.1 GET www.lbxr.com/getproFiA?id=1
[ sql ] [ DB ] CONNECT:[ UseTime:0.027039s ] mysql:host=123.57.11.135;port=3306;dbname=bemarvelous;charset=utf8
[ sql ] [ SQL ] SHOW COLUMNS FROM `be_product` [ RunTime:0.016330s ]
[ sql ] [ SQL ] SELECT `a`.`id`,a.name as title,`a`.`price`,`a`.`series_id`,`a`.`brief`,a.details_image as d_image,`a`.`specs`,a.brief_image as b_image,`a`.`goods_specs`,`a`.`con_image`,a.con_title as c_title,a.con as content,a.con1 as content2,`a`.`small_type`,s.id as s_id,s.type as type FROM `be_product` `a` LEFT JOIN `be_series` `s` ON `a`.`big_type`=`s`.`id` WHERE  `a`.`id` = '1' LIMIT 1 [ RunTime:0.015100s ]
---------------------------------------------------------------
[ 2020-03-05T09:54:11+08:00 ] 127.0.0.1 GET www.lbxr.com/getproFiA?id=1
[ sql ] [ DB ] CONNECT:[ UseTime:0.025265s ] mysql:host=123.57.11.135;port=3306;dbname=bemarvelous;charset=utf8
[ sql ] [ SQL ] SHOW COLUMNS FROM `be_product` [ RunTime:0.034226s ]
[ sql ] [ SQL ] SELECT `a`.`id`,a.name as title,`a`.`price`,`a`.`series_id`,`a`.`brief`,a.details_image as d_image,`a`.`specs`,a.brief_image as b_image,`a`.`goods_specs`,`a`.`con_image`,a.con_title as c_title,a.con as content,a.con1 as content2,`a`.`small_type`,s.id as s_id,s.type as type FROM `be_product` `a` LEFT JOIN `be_series` `s` ON `a`.`big_type`=`s`.`id` WHERE  `a`.`id` = '1' LIMIT 1 [ RunTime:0.015339s ]
---------------------------------------------------------------
[ 2020-03-05T09:57:18+08:00 ] 127.0.0.1 GET www.lbxr.com/getproFiA?id=1
[ sql ] [ DB ] CONNECT:[ UseTime:0.023993s ] mysql:host=123.57.11.135;port=3306;dbname=bemarvelous;charset=utf8
[ sql ] [ SQL ] SHOW COLUMNS FROM `be_product` [ RunTime:0.016344s ]
[ sql ] [ SQL ] SELECT `a`.`id`,a.name as title,`a`.`price`,`a`.`series_id`,`a`.`brief`,a.details_image as d_image,`a`.`specs`,a.brief_image as b_image,`a`.`goods_specs`,`a`.`con_image`,a.con_title as c_title,a.con as content,a.con1 as content2,`a`.`small_type`,s.id as s_id,s.type as type FROM `be_product` `a` LEFT JOIN `be_series` `s` ON `a`.`big_type`=`s`.`id` WHERE  `a`.`id` = '1' LIMIT 1 [ RunTime:0.014609s ]
[ sql ] [ SQL ] SELECT `id`,name as title,`image`,`price` FROM `be_product` WHERE  `series_id` = 1  AND `id` <> 1 LIMIT 0,3 [ RunTime:0.011820s ]
---------------------------------------------------------------
[ 2020-03-05T10:00:22+08:00 ] 127.0.0.1 GET www.lbxr.com/doc
[ error ] [64]Cannot use app\api\model\Product as Product because the name is already in use
---------------------------------------------------------------
[ 2020-03-05T10:00:29+08:00 ] 127.0.0.1 GET www.lbxr.com/doc
[ error ] [64]Cannot use app\api\model\Product as Product because the name is already in use
---------------------------------------------------------------
[ 2020-03-05T10:00:45+08:00 ] 127.0.0.1 GET www.lbxr.com/doc
[运行时间：0.044237s] [吞吐率：22.61req/s] [内存消耗：2,531.95kb] [文件加载：121]
[ info ] [ BEHAVIOR ] Run Closure @app_init [ RunTime:0.000039s ]
[ info ] [ CACHE ] INIT File
[ info ] [ BEHAVIOR ] Run Closure @app_init [ RunTime:0.001887s ]
[ info ] [ LANG ] D:\phpstudy\PHPTutorial\WWW\fastadmin\thinkphp\lang\zh-cn.php
[ info ] [ ROUTE ] array (
  'type' => 'method',
  'method' => 
  array (
    0 => 'reflection\\Documents',
    1 => 'run',
  ),
  'var' => 
  array (
  ),
)
[ info ] [ HEADER ] array (
  'cache-control' => 'max-age=0',
  'upgrade-insecure-requests' => '1',
  'cookie' => 'Hm_lvt_f8d0a8c400404989e195270b0bbf060a=1579157116,1579226458,1579424574',
  'connection' => 'close',
  'accept-encoding' => 'gzip, deflate',
  'accept-language' => 'zh-CN,zh;q=0.8,zh-TW;q=0.7,zh-HK;q=0.5,en-US;q=0.3,en;q=0.2',
  'accept' => 'text/html,application/xhtml+xml,application/xml;q=0.9,image/webp,*/*;q=0.8',
  'user-agent' => 'Mozilla/5.0 (Windows NT 10.0; Win64; x64; rv:73.0) Gecko/20100101 Firefox/73.0',
  'host' => 'www.lbxr.com',
)
[ info ] [ PARAM ] array (
)
[ info ] [ RUN ] reflection\Documents->run[ D:\phpstudy\PHPTutorial\WWW\fastadmin\extend\reflection\Documents.php ]
[ info ] [ LOG ] INIT File
[ error ] [64]Cannot use app\api\model\Product as Product because the name is already in use[D:\phpstudy\PHPTutorial\WWW\fastadmin\application\api\controller\AppHomePage.php:7]
---------------------------------------------------------------
[ 2020-03-05T10:01:31+08:00 ] 127.0.0.1 GET www.lbxr.com/doc
[运行时间：0.045481s] [吞吐率：21.99req/s] [内存消耗：2,531.95kb] [文件加载：121]
[ info ] [ BEHAVIOR ] Run Closure @app_init [ RunTime:0.000034s ]
[ info ] [ CACHE ] INIT File
[ info ] [ BEHAVIOR ] Run Closure @app_init [ RunTime:0.002003s ]
[ info ] [ LANG ] D:\phpstudy\PHPTutorial\WWW\fastadmin\thinkphp\lang\zh-cn.php
[ info ] [ ROUTE ] array (
  'type' => 'method',
  'method' => 
  array (
    0 => 'reflection\\Documents',
    1 => 'run',
  ),
  'var' => 
  array (
  ),
)
[ info ] [ HEADER ] array (
  'cache-control' => 'max-age=0',
  'upgrade-insecure-requests' => '1',
  'cookie' => 'Hm_lvt_f8d0a8c400404989e195270b0bbf060a=1579157116,1579226458,1579424574',
  'connection' => 'close',
  'accept-encoding' => 'gzip, deflate',
  'accept-language' => 'zh-CN,zh;q=0.8,zh-TW;q=0.7,zh-HK;q=0.5,en-US;q=0.3,en;q=0.2',
  'accept' => 'text/html,application/xhtml+xml,application/xml;q=0.9,image/webp,*/*;q=0.8',
  'user-agent' => 'Mozilla/5.0 (Windows NT 10.0; Win64; x64; rv:73.0) Gecko/20100101 Firefox/73.0',
  'host' => 'www.lbxr.com',
)
[ info ] [ PARAM ] array (
)
[ info ] [ RUN ] reflection\Documents->run[ D:\phpstudy\PHPTutorial\WWW\fastadmin\extend\reflection\Documents.php ]
[ info ] [ LOG ] INIT File
[ error ] [64]Cannot use app\api\model\Product as Product because the name is already in use[D:\phpstudy\PHPTutorial\WWW\fastadmin\application\api\controller\AppHomePage.php:7]
---------------------------------------------------------------
[ 2020-03-05T10:02:01+08:00 ] 127.0.0.1 GET www.lbxr.com/getproFiA?id=1
[运行时间：0.117235s] [吞吐率：8.53req/s] [内存消耗：3,489.12kb] [文件加载：123]
[ info ] [ BEHAVIOR ] Run Closure @app_init [ RunTime:0.000032s ]
[ info ] [ CACHE ] INIT File
[ info ] [ BEHAVIOR ] Run Closure @app_init [ RunTime:0.001922s ]
[ info ] [ LANG ] D:\phpstudy\PHPTutorial\WWW\fastadmin\thinkphp\lang\zh-cn.php
[ info ] [ ROUTE ] array (
  'type' => 'module',
  'module' => 
  array (
    0 => 'api',
    1 => 'AppProduct',
    2 => 'ProductFind',
  ),
  'convert' => false,
)
[ info ] [ HEADER ] array (
  'connection' => 'close',
  'accept-encoding' => 'gzip, deflate',
  'host' => 'www.lbxr.com',
  'accept' => '*/*',
  'user-agent' => 'PostmanRuntime/7.6.0',
  'postman-token' => '2a0bef45-5b02-4de3-a4c1-6c5bca530314',
  'cache-control' => 'no-cache',
)
[ info ] [ PARAM ] array (
  'id' => '1',
)
[ info ] [ LANG ] D:\phpstudy\PHPTutorial\WWW\fastadmin\public/../application/api\lang\zh-cn.php
[ info ] [ BEHAVIOR ] Run app\common\behavior\Common @module_init [ RunTime:0.001867s ]
[ info ] [ RUN ] app\api\controller\AppProduct->ProductFind[ D:\phpstudy\PHPTutorial\WWW\fastadmin\application\api\controller\AppProduct.php ]
[ info ] [ DB ] INIT mysql
[ info ] [ LOG ] INIT File
[ sql ] [ DB ] CONNECT:[ UseTime:0.025562s ] mysql:host=123.57.11.135;port=3306;dbname=bemarvelous;charset=utf8
[ sql ] [ SQL ] SHOW COLUMNS FROM `be_product` [ RunTime:0.017017s ]
[ sql ] [ SQL ] SELECT `a`.`id`,a.name as title,`a`.`price`,`a`.`series_id`,`a`.`brief`,a.details_image as d_image,`a`.`specs`,a.brief_image as b_image,`a`.`goods_specs`,`a`.`con_image`,a.con_title as c_title,a.con as content,a.con1 as content2,`a`.`small_type`,s.id as s_id,s.type as type FROM `be_product` `a` LEFT JOIN `be_series` `s` ON `a`.`big_type`=`s`.`id` WHERE  `a`.`id` = '1' LIMIT 1 [ RunTime:0.014667s ]
[ sql ] [ SQL ] SELECT `id`,name as title,`image`,`price` FROM `be_product` WHERE  `series_id` = 1  AND `id` <> 1 LIMIT 0,3 [ RunTime:0.012208s ]
---------------------------------------------------------------
[ 2020-03-05T10:02:19+08:00 ] 127.0.0.1 GET www.lbxr.com/getproFiA?id=1
[运行时间：0.116477s] [吞吐率：8.59req/s] [内存消耗：3,489.12kb] [文件加载：123]
[ info ] [ BEHAVIOR ] Run Closure @app_init [ RunTime:0.000063s ]
[ info ] [ CACHE ] INIT File
[ info ] [ BEHAVIOR ] Run Closure @app_init [ RunTime:0.002004s ]
[ info ] [ LANG ] D:\phpstudy\PHPTutorial\WWW\fastadmin\thinkphp\lang\zh-cn.php
[ info ] [ ROUTE ] array (
  'type' => 'module',
  'module' => 
  array (
    0 => 'api',
    1 => 'AppProduct',
    2 => 'ProductFind',
  ),
  'convert' => false,
)
[ info ] [ HEADER ] array (
  'connection' => 'close',
  'accept-encoding' => 'gzip, deflate',
  'host' => 'www.lbxr.com',
  'accept' => '*/*',
  'user-agent' => 'PostmanRuntime/7.6.0',
  'postman-token' => 'cb715ac3-2796-4b85-8431-ef5ab92ab3fd',
  'cache-control' => 'no-cache',
)
[ info ] [ PARAM ] array (
  'id' => '1',
)
[ info ] [ LANG ] D:\phpstudy\PHPTutorial\WWW\fastadmin\public/../application/api\lang\zh-cn.php
[ info ] [ BEHAVIOR ] Run app\common\behavior\Common @module_init [ RunTime:0.003066s ]
[ info ] [ RUN ] app\api\controller\AppProduct->ProductFind[ D:\phpstudy\PHPTutorial\WWW\fastadmin\application\api\controller\AppProduct.php ]
[ info ] [ DB ] INIT mysql
[ info ] [ LOG ] INIT File
[ sql ] [ DB ] CONNECT:[ UseTime:0.025679s ] mysql:host=123.57.11.135;port=3306;dbname=bemarvelous;charset=utf8
[ sql ] [ SQL ] SHOW COLUMNS FROM `be_product` [ RunTime:0.016435s ]
[ sql ] [ SQL ] SELECT `a`.`id`,a.name as title,`a`.`price`,`a`.`series_id`,`a`.`brief`,a.details_image as d_image,`a`.`specs`,a.brief_image as b_image,`a`.`goods_specs`,`a`.`con_image`,a.con_title as c_title,a.con as content,a.con1 as content2,`a`.`small_type`,s.id as s_id,s.type as type FROM `be_product` `a` LEFT JOIN `be_series` `s` ON `a`.`big_type`=`s`.`id` WHERE  `a`.`id` = '1' LIMIT 1 [ RunTime:0.015337s ]
[ sql ] [ SQL ] SELECT `id`,name as title,`image`,`price` FROM `be_product` WHERE  `series_id` = 1  AND `id` <> 1 LIMIT 0,3 [ RunTime:0.011758s ]
---------------------------------------------------------------
[ 2020-03-05T10:02:31+08:00 ] 127.0.0.1 PUT www.lbxr.com/doc
[运行时间：0.048927s] [吞吐率：20.44req/s] [内存消耗：1,983.33kb] [文件加载：108]
[ info ] [ BEHAVIOR ] Run Closure @app_init [ RunTime:0.000044s ]
[ info ] [ CACHE ] INIT File
[ info ] [ BEHAVIOR ] Run Closure @app_init [ RunTime:0.002733s ]
[ info ] [ LANG ] D:\phpstudy\PHPTutorial\WWW\fastadmin\thinkphp\lang\zh-cn.php
[ info ] [ ROUTE ] array (
  'type' => 'module',
  'module' => 
  array (
    0 => 'doc',
    1 => NULL,
    2 => NULL,
  ),
)
[ info ] [ HEADER ] array (
  'connection' => 'close',
  'content-length' => '0',
  'accept-encoding' => 'gzip, deflate',
  'host' => 'www.lbxr.com',
  'accept' => '*/*',
  'user-agent' => 'PostmanRuntime/7.6.0',
  'postman-token' => '780bc4b0-b0be-4c0d-9fc1-de1d6de79e35',
  'cache-control' => 'no-cache',
  'token' => 'eyJ0eXAiOiJKV1QiLCJhbGciOiJIUzI1NiJ9.eyJpYXQiOjE1ODI3ODgyMzUsIm5iZiI6MTU4Mjc4ODIzNSwiZXhwIjoxNTgyODc0NjM1LCJjeV9pZCI6Miwicm9sZV9pZCI6MCwic2l0ZV9pZCI6MywidXNlcl9pZCI6NSwiYWRtaW5fY3kiOjB9.ztkP1EM-ttwAapDMsg3HuMgk9sL-dtgtsQwginroC6w',
)
[ info ] [ PARAM ] array (
)
[ info ] [ LOG ] INIT File
---------------------------------------------------------------
[ 2020-03-05T10:02:38+08:00 ] 127.0.0.1 GET www.lbxr.com/doc
[运行时间：0.048353s] [吞吐率：20.68req/s] [内存消耗：2,531.65kb] [文件加载：121]
[ info ] [ BEHAVIOR ] Run Closure @app_init [ RunTime:0.000030s ]
[ info ] [ CACHE ] INIT File
[ info ] [ BEHAVIOR ] Run Closure @app_init [ RunTime:0.002354s ]
[ info ] [ LANG ] D:\phpstudy\PHPTutorial\WWW\fastadmin\thinkphp\lang\zh-cn.php
[ info ] [ ROUTE ] array (
  'type' => 'method',
  'method' => 
  array (
    0 => 'reflection\\Documents',
    1 => 'run',
  ),
  'var' => 
  array (
  ),
)
[ info ] [ HEADER ] array (
  'connection' => 'close',
  'accept-encoding' => 'gzip, deflate',
  'host' => 'www.lbxr.com',
  'accept' => '*/*',
  'user-agent' => 'PostmanRuntime/7.6.0',
  'postman-token' => '6637372e-ff59-45e2-819a-fcce261b46ee',
  'cache-control' => 'no-cache',
  'token' => 'eyJ0eXAiOiJKV1QiLCJhbGciOiJIUzI1NiJ9.eyJpYXQiOjE1ODI3ODgyMzUsIm5iZiI6MTU4Mjc4ODIzNSwiZXhwIjoxNTgyODc0NjM1LCJjeV9pZCI6Miwicm9sZV9pZCI6MCwic2l0ZV9pZCI6MywidXNlcl9pZCI6NSwiYWRtaW5fY3kiOjB9.ztkP1EM-ttwAapDMsg3HuMgk9sL-dtgtsQwginroC6w',
)
[ info ] [ PARAM ] array (
)
[ info ] [ RUN ] reflection\Documents->run[ D:\phpstudy\PHPTutorial\WWW\fastadmin\extend\reflection\Documents.php ]
[ info ] [ LOG ] INIT File
[ error ] [64]Cannot use app\api\model\Product as Product because the name is already in use[D:\phpstudy\PHPTutorial\WWW\fastadmin\application\api\controller\AppHomePage.php:7]
---------------------------------------------------------------
[ 2020-03-05T10:03:40+08:00 ] 127.0.0.1 GET www.lbxr.com/doc
[运行时间：0.048924s] [吞吐率：20.44req/s] [内存消耗：2,342.72kb] [文件加载：115]
[ info ] [ BEHAVIOR ] Run Closure @app_init [ RunTime:0.000028s ]
[ info ] [ CACHE ] INIT File
[ info ] [ BEHAVIOR ] Run Closure @app_init [ RunTime:0.001843s ]
[ info ] [ LANG ] D:\phpstudy\PHPTutorial\WWW\fastadmin\thinkphp\lang\zh-cn.php
[ info ] [ ROUTE ] array (
  'type' => 'method',
  'method' => 
  array (
    0 => 'reflection\\Documents',
    1 => 'run',
  ),
  'var' => 
  array (
  ),
)
[ info ] [ HEADER ] array (
  'cache-control' => 'max-age=0',
  'upgrade-insecure-requests' => '1',
  'cookie' => 'Hm_lvt_f8d0a8c400404989e195270b0bbf060a=1579157116,1579226458,1579424574',
  'connection' => 'close',
  'accept-encoding' => 'gzip, deflate',
  'accept-language' => 'zh-CN,zh;q=0.8,zh-TW;q=0.7,zh-HK;q=0.5,en-US;q=0.3,en;q=0.2',
  'accept' => 'text/html,application/xhtml+xml,application/xml;q=0.9,image/webp,*/*;q=0.8',
  'user-agent' => 'Mozilla/5.0 (Windows NT 10.0; Win64; x64; rv:73.0) Gecko/20100101 Firefox/73.0',
  'host' => 'www.lbxr.com',
)
[ info ] [ PARAM ] array (
)
[ info ] [ RUN ] reflection\Documents->run[ D:\phpstudy\PHPTutorial\WWW\fastadmin\extend\reflection\Documents.php ]
[ info ] [ LOG ] INIT File
[ error ] [-1]Class app\api\controller\Products does not exist[D:\phpstudy\PHPTutorial\WWW\fastadmin\extend\reflection\Documents.php:113]
---------------------------------------------------------------
[ 2020-03-05T10:04:00+08:00 ] 127.0.0.1 GET www.lbxr.com/doc
[运行时间：0.039504s] [吞吐率：25.31req/s] [内存消耗：2,468.33kb] [文件加载：120]
[ info ] [ BEHAVIOR ] Run Closure @app_init [ RunTime:0.000090s ]
[ info ] [ CACHE ] INIT File
[ info ] [ BEHAVIOR ] Run Closure @app_init [ RunTime:0.001937s ]
[ info ] [ LANG ] D:\phpstudy\PHPTutorial\WWW\fastadmin\thinkphp\lang\zh-cn.php
[ info ] [ ROUTE ] array (
  'type' => 'method',
  'method' => 
  array (
    0 => 'reflection\\Documents',
    1 => 'run',
  ),
  'var' => 
  array (
  ),
)
[ info ] [ HEADER ] array (
  'cache-control' => 'max-age=0',
  'upgrade-insecure-requests' => '1',
  'cookie' => 'Hm_lvt_f8d0a8c400404989e195270b0bbf060a=1579157116,1579226458,1579424574',
  'connection' => 'close',
  'accept-encoding' => 'gzip, deflate',
  'accept-language' => 'zh-CN,zh;q=0.8,zh-TW;q=0.7,zh-HK;q=0.5,en-US;q=0.3,en;q=0.2',
  'accept' => 'text/html,application/xhtml+xml,application/xml;q=0.9,image/webp,*/*;q=0.8',
  'user-agent' => 'Mozilla/5.0 (Windows NT 10.0; Win64; x64; rv:73.0) Gecko/20100101 Firefox/73.0',
  'host' => 'www.lbxr.com',
)
[ info ] [ PARAM ] array (
)
[ info ] [ RUN ] reflection\Documents->run[ D:\phpstudy\PHPTutorial\WWW\fastadmin\extend\reflection\Documents.php ]
[ info ] [ LOG ] INIT File
[ error ] [64]Cannot use app\api\model\Series as Series because the name is already in use[D:\phpstudy\PHPTutorial\WWW\fastadmin\application\api\controller\AppHomePage.php:8]
---------------------------------------------------------------
[ 2020-03-05T10:04:11+08:00 ] 127.0.0.1 GET www.lbxr.com/doc
[运行时间：0.044431s] [吞吐率：22.51req/s] [内存消耗：2,531.69kb] [文件加载：121]
[ info ] [ BEHAVIOR ] Run Closure @app_init [ RunTime:0.000037s ]
[ info ] [ CACHE ] INIT File
[ info ] [ BEHAVIOR ] Run Closure @app_init [ RunTime:0.001828s ]
[ info ] [ LANG ] D:\phpstudy\PHPTutorial\WWW\fastadmin\thinkphp\lang\zh-cn.php
[ info ] [ ROUTE ] array (
  'type' => 'method',
  'method' => 
  array (
    0 => 'reflection\\Documents',
    1 => 'run',
  ),
  'var' => 
  array (
  ),
)
[ info ] [ HEADER ] array (
  'cache-control' => 'max-age=0',
  'upgrade-insecure-requests' => '1',
  'cookie' => 'Hm_lvt_f8d0a8c400404989e195270b0bbf060a=1579157116,1579226458,1579424574',
  'connection' => 'close',
  'accept-encoding' => 'gzip, deflate',
  'accept-language' => 'zh-CN,zh;q=0.8,zh-TW;q=0.7,zh-HK;q=0.5,en-US;q=0.3,en;q=0.2',
  'accept' => 'text/html,application/xhtml+xml,application/xml;q=0.9,image/webp,*/*;q=0.8',
  'user-agent' => 'Mozilla/5.0 (Windows NT 10.0; Win64; x64; rv:73.0) Gecko/20100101 Firefox/73.0',
  'host' => 'www.lbxr.com',
)
[ info ] [ PARAM ] array (
)
[ info ] [ RUN ] reflection\Documents->run[ D:\phpstudy\PHPTutorial\WWW\fastadmin\extend\reflection\Documents.php ]
[ info ] [ LOG ] INIT File
[ error ] [64]Cannot use app\api\model\Product as Product because the name is already in use[D:\phpstudy\PHPTutorial\WWW\fastadmin\application\api\controller\AppHomePage.php:7]
---------------------------------------------------------------
[ 2020-03-05T18:55:43+08:00 ] 127.0.0.1 GET www.lbxr.com/getSpecsA?id=1
[ sql ] [ DB ] CONNECT:[ UseTime:0.031585s ] mysql:host=123.57.11.135;port=3306;dbname=bemarvelous;charset=utf8
[ sql ] [ SQL ] SHOW COLUMNS FROM `be_product` [ RunTime:0.019704s ]
[ sql ] [ SQL ] SELECT `goods_specs` FROM `be_product` WHERE  `id` = 1 LIMIT 1 [ RunTime:0.018139s ]
---------------------------------------------------------------
[ 2020-03-05T18:56:38+08:00 ] 127.0.0.1 GET www.lbxr.com/getSpecsA?id=1
[ sql ] [ DB ] CONNECT:[ UseTime:0.030180s ] mysql:host=123.57.11.135;port=3306;dbname=bemarvelous;charset=utf8
[ sql ] [ SQL ] SHOW COLUMNS FROM `be_product` [ RunTime:0.016815s ]
[ sql ] [ SQL ] SELECT `goods_specs` FROM `be_product` WHERE  `id` = 1 LIMIT 1 [ RunTime:0.015665s ]
[ error ] [2]json_decode() expects parameter 1 to be string, array given
---------------------------------------------------------------
[ 2020-03-05T18:56:51+08:00 ] 127.0.0.1 GET www.lbxr.com/getSpecsA?id=1
[运行时间：0.132328s] [吞吐率：7.56req/s] [内存消耗：3,539.40kb] [文件加载：126]
[ info ] [ BEHAVIOR ] Run Closure @app_init [ RunTime:0.000034s ]
[ info ] [ CACHE ] INIT File
[ info ] [ BEHAVIOR ] Run Closure @app_init [ RunTime:0.001994s ]
[ info ] [ LANG ] D:\phpstudy\PHPTutorial\WWW\fastadmin\thinkphp\lang\zh-cn.php
[ info ] [ ROUTE ] array (
  'type' => 'module',
  'module' => 
  array (
    0 => 'api',
    1 => 'AppProduct',
    2 => 'getSpecsA',
  ),
  'convert' => false,
)
[ info ] [ HEADER ] array (
  'connection' => 'close',
  'accept-encoding' => 'gzip, deflate',
  'cookie' => 'PHPSESSID=dt4ib3afjok24f98um2ge7gbh2',
  'host' => 'www.lbxr.com',
  'accept' => '*/*',
  'user-agent' => 'PostmanRuntime/7.6.0',
  'postman-token' => '5f1f098a-2ea4-4ec2-9e00-339d41aec148',
  'cache-control' => 'no-cache',
)
[ info ] [ PARAM ] array (
  'id' => '1',
)
[ info ] [ LANG ] D:\phpstudy\PHPTutorial\WWW\fastadmin\public/../application/api\lang\zh-cn.php
[ info ] [ BEHAVIOR ] Run app\common\behavior\Common @module_init [ RunTime:0.001741s ]
[ info ] [ RUN ] app\api\controller\AppProduct->getSpecsA[ D:\phpstudy\PHPTutorial\WWW\fastadmin\application\api\controller\AppProduct.php ]
[ info ] [ DB ] INIT mysql
[ info ] [ LOG ] INIT File
[ sql ] [ DB ] CONNECT:[ UseTime:0.028612s ] mysql:host=123.57.11.135;port=3306;dbname=bemarvelous;charset=utf8
[ sql ] [ SQL ] SHOW COLUMNS FROM `be_product` [ RunTime:0.019999s ]
[ sql ] [ SQL ] SELECT `goods_specs` FROM `be_product` WHERE  `id` = 1 LIMIT 1 [ RunTime:0.018380s ]
[ error ] [2]json_decode() expects parameter 1 to be string, array given[D:\phpstudy\PHPTutorial\WWW\fastadmin\application\api\model\Product.php:415]
---------------------------------------------------------------
[ 2020-03-05T18:57:12+08:00 ] 127.0.0.1 GET www.lbxr.com/getSpecsA?id=1
[运行时间：0.112075s] [吞吐率：8.92req/s] [内存消耗：3,354.70kb] [文件加载：119]
[ info ] [ BEHAVIOR ] Run Closure @app_init [ RunTime:0.000029s ]
[ info ] [ CACHE ] INIT File
[ info ] [ BEHAVIOR ] Run Closure @app_init [ RunTime:0.002260s ]
[ info ] [ LANG ] D:\phpstudy\PHPTutorial\WWW\fastadmin\thinkphp\lang\zh-cn.php
[ info ] [ ROUTE ] array (
  'type' => 'module',
  'module' => 
  array (
    0 => 'api',
    1 => 'AppProduct',
    2 => 'getSpecsA',
  ),
  'convert' => false,
)
[ info ] [ HEADER ] array (
  'connection' => 'close',
  'accept-encoding' => 'gzip, deflate',
  'cookie' => 'PHPSESSID=dt4ib3afjok24f98um2ge7gbh2',
  'host' => 'www.lbxr.com',
  'accept' => '*/*',
  'user-agent' => 'PostmanRuntime/7.6.0',
  'postman-token' => '18d4207f-91de-43ad-990e-b6a60903edf3',
  'cache-control' => 'no-cache',
)
[ info ] [ PARAM ] array (
  'id' => '1',
)
[ info ] [ LANG ] D:\phpstudy\PHPTutorial\WWW\fastadmin\public/../application/api\lang\zh-cn.php
[ info ] [ BEHAVIOR ] Run app\common\behavior\Common @module_init [ RunTime:0.001625s ]
[ info ] [ RUN ] app\api\controller\AppProduct->getSpecsA[ D:\phpstudy\PHPTutorial\WWW\fastadmin\application\api\controller\AppProduct.php ]
[ info ] [ DB ] INIT mysql
[ info ] [ LOG ] INIT File
[ sql ] [ DB ] CONNECT:[ UseTime:0.026923s ] mysql:host=123.57.11.135;port=3306;dbname=bemarvelous;charset=utf8
[ sql ] [ SQL ] SHOW COLUMNS FROM `be_product` [ RunTime:0.021785s ]
[ sql ] [ SQL ] SELECT `goods_specs` FROM `be_product` WHERE  `id` = 1 LIMIT 1 [ RunTime:0.017986s ]
---------------------------------------------------------------
[ 2020-03-05T18:59:05+08:00 ] 127.0.0.1 GET www.lbxr.com/getSpecsA?id=1
[运行时间：0.103452s] [吞吐率：9.67req/s] [内存消耗：3,355.54kb] [文件加载：119]
[ info ] [ BEHAVIOR ] Run Closure @app_init [ RunTime:0.000134s ]
[ info ] [ CACHE ] INIT File
[ info ] [ BEHAVIOR ] Run Closure @app_init [ RunTime:0.002823s ]
[ info ] [ LANG ] D:\phpstudy\PHPTutorial\WWW\fastadmin\thinkphp\lang\zh-cn.php
[ info ] [ ROUTE ] array (
  'type' => 'module',
  'module' => 
  array (
    0 => 'api',
    1 => 'AppProduct',
    2 => 'getSpecsA',
  ),
  'convert' => false,
)
[ info ] [ HEADER ] array (
  'connection' => 'close',
  'accept-encoding' => 'gzip, deflate',
  'cookie' => 'PHPSESSID=dt4ib3afjok24f98um2ge7gbh2',
  'host' => 'www.lbxr.com',
  'accept' => '*/*',
  'user-agent' => 'PostmanRuntime/7.6.0',
  'postman-token' => 'b0ae6630-40e4-4957-ba16-b252a5cc27a7',
  'cache-control' => 'no-cache',
)
[ info ] [ PARAM ] array (
  'id' => '1',
)
[ info ] [ LANG ] D:\phpstudy\PHPTutorial\WWW\fastadmin\public/../application/api\lang\zh-cn.php
[ info ] [ BEHAVIOR ] Run app\common\behavior\Common @module_init [ RunTime:0.001675s ]
[ info ] [ RUN ] app\api\controller\AppProduct->getSpecsA[ D:\phpstudy\PHPTutorial\WWW\fastadmin\application\api\controller\AppProduct.php ]
[ info ] [ DB ] INIT mysql
[ info ] [ LOG ] INIT File
[ sql ] [ DB ] CONNECT:[ UseTime:0.024463s ] mysql:host=123.57.11.135;port=3306;dbname=bemarvelous;charset=utf8
[ sql ] [ SQL ] SHOW COLUMNS FROM `be_product` [ RunTime:0.017743s ]
[ sql ] [ SQL ] SELECT `goods_specs` FROM `be_product` WHERE  `id` = 1 LIMIT 1 [ RunTime:0.016018s ]
---------------------------------------------------------------
[ 2020-03-05T18:59:36+08:00 ] 127.0.0.1 GET www.lbxr.com/getSpecsA?id=1
[运行时间：0.108271s] [吞吐率：9.24req/s] [内存消耗：3,488.29kb] [文件加载：123]
[ info ] [ BEHAVIOR ] Run Closure @app_init [ RunTime:0.000035s ]
[ info ] [ CACHE ] INIT File
[ info ] [ BEHAVIOR ] Run Closure @app_init [ RunTime:0.001836s ]
[ info ] [ LANG ] D:\phpstudy\PHPTutorial\WWW\fastadmin\thinkphp\lang\zh-cn.php
[ info ] [ ROUTE ] array (
  'type' => 'module',
  'module' => 
  array (
    0 => 'api',
    1 => 'AppProduct',
    2 => 'getSpecsA',
  ),
  'convert' => false,
)
[ info ] [ HEADER ] array (
  'connection' => 'close',
  'accept-encoding' => 'gzip, deflate',
  'cookie' => 'PHPSESSID=dt4ib3afjok24f98um2ge7gbh2',
  'host' => 'www.lbxr.com',
  'accept' => '*/*',
  'user-agent' => 'PostmanRuntime/7.6.0',
  'postman-token' => '2e37d459-5267-4fd4-8115-85f047fa0996',
  'cache-control' => 'no-cache',
)
[ info ] [ PARAM ] array (
  'id' => '1',
)
[ info ] [ LANG ] D:\phpstudy\PHPTutorial\WWW\fastadmin\public/../application/api\lang\zh-cn.php
[ info ] [ BEHAVIOR ] Run app\common\behavior\Common @module_init [ RunTime:0.001801s ]
[ info ] [ RUN ] app\api\controller\AppProduct->getSpecsA[ D:\phpstudy\PHPTutorial\WWW\fastadmin\application\api\controller\AppProduct.php ]
[ info ] [ DB ] INIT mysql
[ info ] [ LOG ] INIT File
[ sql ] [ DB ] CONNECT:[ UseTime:0.027455s ] mysql:host=123.57.11.135;port=3306;dbname=bemarvelous;charset=utf8
[ sql ] [ SQL ] SHOW COLUMNS FROM `be_product` [ RunTime:0.018151s ]
[ sql ] [ SQL ] SELECT `goods_specs` FROM `be_product` WHERE  `id` = 1 LIMIT 1 [ RunTime:0.016414s ]
---------------------------------------------------------------
[ 2020-03-05T18:59:59+08:00 ] 127.0.0.1 GET www.lbxr.com/getSpecsA?id=1
[运行时间：0.112659s] [吞吐率：8.88req/s] [内存消耗：3,488.54kb] [文件加载：123]
[ info ] [ BEHAVIOR ] Run Closure @app_init [ RunTime:0.000049s ]
[ info ] [ CACHE ] INIT File
[ info ] [ BEHAVIOR ] Run Closure @app_init [ RunTime:0.002395s ]
[ info ] [ LANG ] D:\phpstudy\PHPTutorial\WWW\fastadmin\thinkphp\lang\zh-cn.php
[ info ] [ ROUTE ] array (
  'type' => 'module',
  'module' => 
  array (
    0 => 'api',
    1 => 'AppProduct',
    2 => 'getSpecsA',
  ),
  'convert' => false,
)
[ info ] [ HEADER ] array (
  'connection' => 'close',
  'accept-encoding' => 'gzip, deflate',
  'cookie' => 'PHPSESSID=dt4ib3afjok24f98um2ge7gbh2',
  'host' => 'www.lbxr.com',
  'accept' => '*/*',
  'user-agent' => 'PostmanRuntime/7.6.0',
  'postman-token' => 'b1ff551c-4727-4a56-a562-297ff4011100',
  'cache-control' => 'no-cache',
)
[ info ] [ PARAM ] array (
  'id' => '1',
)
[ info ] [ LANG ] D:\phpstudy\PHPTutorial\WWW\fastadmin\public/../application/api\lang\zh-cn.php
[ info ] [ BEHAVIOR ] Run app\common\behavior\Common @module_init [ RunTime:0.001971s ]
[ info ] [ RUN ] app\api\controller\AppProduct->getSpecsA[ D:\phpstudy\PHPTutorial\WWW\fastadmin\application\api\controller\AppProduct.php ]
[ info ] [ DB ] INIT mysql
[ info ] [ LOG ] INIT File
[ sql ] [ DB ] CONNECT:[ UseTime:0.028667s ] mysql:host=123.57.11.135;port=3306;dbname=bemarvelous;charset=utf8
[ sql ] [ SQL ] SHOW COLUMNS FROM `be_product` [ RunTime:0.018998s ]
[ sql ] [ SQL ] SELECT `goods_specs` FROM `be_product` WHERE  `id` = 1 LIMIT 1 [ RunTime:0.017676s ]
---------------------------------------------------------------
[ 2020-03-05T19:00:46+08:00 ] 127.0.0.1 GET www.lbxr.com/getSpecsA?id=1
[运行时间：0.110307s] [吞吐率：9.07req/s] [内存消耗：3,488.41kb] [文件加载：123]
[ info ] [ BEHAVIOR ] Run Closure @app_init [ RunTime:0.000033s ]
[ info ] [ CACHE ] INIT File
[ info ] [ BEHAVIOR ] Run Closure @app_init [ RunTime:0.001837s ]
[ info ] [ LANG ] D:\phpstudy\PHPTutorial\WWW\fastadmin\thinkphp\lang\zh-cn.php
[ info ] [ ROUTE ] array (
  'type' => 'module',
  'module' => 
  array (
    0 => 'api',
    1 => 'AppProduct',
    2 => 'getSpecsA',
  ),
  'convert' => false,
)
[ info ] [ HEADER ] array (
  'connection' => 'close',
  'accept-encoding' => 'gzip, deflate',
  'cookie' => 'PHPSESSID=dt4ib3afjok24f98um2ge7gbh2',
  'host' => 'www.lbxr.com',
  'accept' => '*/*',
  'user-agent' => 'PostmanRuntime/7.6.0',
  'postman-token' => '69c5348c-0f43-4541-8f3e-c0334568b7aa',
  'cache-control' => 'no-cache',
)
[ info ] [ PARAM ] array (
  'id' => '1',
)
[ info ] [ LANG ] D:\phpstudy\PHPTutorial\WWW\fastadmin\public/../application/api\lang\zh-cn.php
[ info ] [ BEHAVIOR ] Run app\common\behavior\Common @module_init [ RunTime:0.001746s ]
[ info ] [ RUN ] app\api\controller\AppProduct->getSpecsA[ D:\phpstudy\PHPTutorial\WWW\fastadmin\application\api\controller\AppProduct.php ]
[ info ] [ DB ] INIT mysql
[ info ] [ LOG ] INIT File
[ sql ] [ DB ] CONNECT:[ UseTime:0.027936s ] mysql:host=123.57.11.135;port=3306;dbname=bemarvelous;charset=utf8
[ sql ] [ SQL ] SHOW COLUMNS FROM `be_product` [ RunTime:0.018942s ]
[ sql ] [ SQL ] SELECT `goods_specs` FROM `be_product` WHERE  `id` = 1 LIMIT 1 [ RunTime:0.017990s ]
---------------------------------------------------------------
[ 2020-03-05T19:01:43+08:00 ] 127.0.0.1 GET www.lbxr.com/getSpecsA?id=1
[运行时间：0.106235s] [吞吐率：9.41req/s] [内存消耗：3,488.29kb] [文件加载：123]
[ info ] [ BEHAVIOR ] Run Closure @app_init [ RunTime:0.000033s ]
[ info ] [ CACHE ] INIT File
[ info ] [ BEHAVIOR ] Run Closure @app_init [ RunTime:0.002127s ]
[ info ] [ LANG ] D:\phpstudy\PHPTutorial\WWW\fastadmin\thinkphp\lang\zh-cn.php
[ info ] [ ROUTE ] array (
  'type' => 'module',
  'module' => 
  array (
    0 => 'api',
    1 => 'AppProduct',
    2 => 'getSpecsA',
  ),
  'convert' => false,
)
[ info ] [ HEADER ] array (
  'connection' => 'close',
  'accept-encoding' => 'gzip, deflate',
  'cookie' => 'PHPSESSID=dt4ib3afjok24f98um2ge7gbh2',
  'host' => 'www.lbxr.com',
  'accept' => '*/*',
  'user-agent' => 'PostmanRuntime/7.6.0',
  'postman-token' => '2d259805-dde5-44d2-85b1-15a862f0294d',
  'cache-control' => 'no-cache',
)
[ info ] [ PARAM ] array (
  'id' => '1',
)
[ info ] [ LANG ] D:\phpstudy\PHPTutorial\WWW\fastadmin\public/../application/api\lang\zh-cn.php
[ info ] [ BEHAVIOR ] Run app\common\behavior\Common @module_init [ RunTime:0.002012s ]
[ info ] [ RUN ] app\api\controller\AppProduct->getSpecsA[ D:\phpstudy\PHPTutorial\WWW\fastadmin\application\api\controller\AppProduct.php ]
[ info ] [ DB ] INIT mysql
[ info ] [ LOG ] INIT File
[ sql ] [ DB ] CONNECT:[ UseTime:0.024424s ] mysql:host=123.57.11.135;port=3306;dbname=bemarvelous;charset=utf8
[ sql ] [ SQL ] SHOW COLUMNS FROM `be_product` [ RunTime:0.016922s ]
[ sql ] [ SQL ] SELECT `goods_specs` FROM `be_product` WHERE  `id` = 1 LIMIT 1 [ RunTime:0.016653s ]
---------------------------------------------------------------
[ 2020-03-05T19:05:07+08:00 ] 127.0.0.1 GET www.lbxr.com/getServiA?id=1
[运行时间：0.117806s] [吞吐率：8.49req/s] [内存消耗：3,544.55kb] [文件加载：126]
[ info ] [ BEHAVIOR ] Run Closure @app_init [ RunTime:0.000034s ]
[ info ] [ CACHE ] INIT File
[ info ] [ BEHAVIOR ] Run Closure @app_init [ RunTime:0.001899s ]
[ info ] [ LANG ] D:\phpstudy\PHPTutorial\WWW\fastadmin\thinkphp\lang\zh-cn.php
[ info ] [ ROUTE ] array (
  'type' => 'module',
  'module' => 
  array (
    0 => 'api',
    1 => 'AppProduct',
    2 => 'getServiA',
  ),
  'convert' => false,
)
[ info ] [ HEADER ] array (
  'connection' => 'close',
  'accept-encoding' => 'gzip, deflate',
  'cookie' => 'PHPSESSID=dt4ib3afjok24f98um2ge7gbh2',
  'host' => 'www.lbxr.com',
  'accept' => '*/*',
  'user-agent' => 'PostmanRuntime/7.6.0',
  'postman-token' => '93eb2615-cbff-4de8-98be-aefcb356f7ab',
  'cache-control' => 'no-cache',
)
[ info ] [ PARAM ] array (
  'id' => '1',
)
[ info ] [ LANG ] D:\phpstudy\PHPTutorial\WWW\fastadmin\public/../application/api\lang\zh-cn.php
[ info ] [ BEHAVIOR ] Run app\common\behavior\Common @module_init [ RunTime:0.002407s ]
[ info ] [ RUN ] app\api\controller\AppProduct->getServiA[ D:\phpstudy\PHPTutorial\WWW\fastadmin\application\api\controller\AppProduct.php ]
[ info ] [ DB ] INIT mysql
[ info ] [ LOG ] INIT File
[ sql ] [ DB ] CONNECT:[ UseTime:0.028705s ] mysql:host=123.57.11.135;port=3306;dbname=bemarvelous;charset=utf8
[ sql ] [ SQL ] SHOW COLUMNS FROM `be_product` [ RunTime:0.018843s ]
[ sql ] [ SQL ] SELECT `goods_specs` FROM `be_product` WHERE  `id` = 1 LIMIT 1 [ RunTime:0.018500s ]
[ error ] [8]未定义数组索引: ser_desc[D:\phpstudy\PHPTutorial\WWW\fastadmin\application\api\model\Product.php:427]
---------------------------------------------------------------
[ 2020-03-05T19:05:22+08:00 ] 127.0.0.1 GET www.lbxr.com/getServiA?id=1
[运行时间：0.110142s] [吞吐率：9.08req/s] [内存消耗：3,493.11kb] [文件加载：123]
[ info ] [ BEHAVIOR ] Run Closure @app_init [ RunTime:0.000066s ]
[ info ] [ CACHE ] INIT File
[ info ] [ BEHAVIOR ] Run Closure @app_init [ RunTime:0.002122s ]
[ info ] [ LANG ] D:\phpstudy\PHPTutorial\WWW\fastadmin\thinkphp\lang\zh-cn.php
[ info ] [ ROUTE ] array (
  'type' => 'module',
  'module' => 
  array (
    0 => 'api',
    1 => 'AppProduct',
    2 => 'getServiA',
  ),
  'convert' => false,
)
[ info ] [ HEADER ] array (
  'connection' => 'close',
  'accept-encoding' => 'gzip, deflate',
  'cookie' => 'PHPSESSID=dt4ib3afjok24f98um2ge7gbh2',
  'host' => 'www.lbxr.com',
  'accept' => '*/*',
  'user-agent' => 'PostmanRuntime/7.6.0',
  'postman-token' => '1899d85e-c7bf-4b54-bf90-221d0f369beb',
  'cache-control' => 'no-cache',
)
[ info ] [ PARAM ] array (
  'id' => '1',
)
[ info ] [ LANG ] D:\phpstudy\PHPTutorial\WWW\fastadmin\public/../application/api\lang\zh-cn.php
[ info ] [ BEHAVIOR ] Run app\common\behavior\Common @module_init [ RunTime:0.001858s ]
[ info ] [ RUN ] app\api\controller\AppProduct->getServiA[ D:\phpstudy\PHPTutorial\WWW\fastadmin\application\api\controller\AppProduct.php ]
[ info ] [ DB ] INIT mysql
[ info ] [ LOG ] INIT File
[ sql ] [ DB ] CONNECT:[ UseTime:0.023934s ] mysql:host=123.57.11.135;port=3306;dbname=bemarvelous;charset=utf8
[ sql ] [ SQL ] SHOW COLUMNS FROM `be_product` [ RunTime:0.017279s ]
[ sql ] [ SQL ] SELECT `ser_desc` FROM `be_product` WHERE  `id` = 1 LIMIT 1 [ RunTime:0.016402s ]
---------------------------------------------------------------
[ 2020-03-05T19:05:41+08:00 ] 127.0.0.1 GET www.lbxr.com/getServiA?id=1
[运行时间：0.133022s] [吞吐率：7.52req/s] [内存消耗：3,552.82kb] [文件加载：127]
[ info ] [ BEHAVIOR ] Run Closure @app_init [ RunTime:0.000030s ]
[ info ] [ CACHE ] INIT File
[ info ] [ BEHAVIOR ] Run Closure @app_init [ RunTime:0.002258s ]
[ info ] [ LANG ] D:\phpstudy\PHPTutorial\WWW\fastadmin\thinkphp\lang\zh-cn.php
[ info ] [ ROUTE ] array (
  'type' => 'module',
  'module' => 
  array (
    0 => 'api',
    1 => 'AppProduct',
    2 => 'getServiA',
  ),
  'convert' => false,
)
[ info ] [ HEADER ] array (
  'connection' => 'close',
  'accept-encoding' => 'gzip, deflate',
  'cookie' => 'PHPSESSID=dt4ib3afjok24f98um2ge7gbh2',
  'host' => 'www.lbxr.com',
  'accept' => '*/*',
  'user-agent' => 'PostmanRuntime/7.6.0',
  'postman-token' => '7935935d-3222-4b19-8176-018f8bd3bb0f',
  'cache-control' => 'no-cache',
)
[ info ] [ PARAM ] array (
  'id' => '1',
)
[ info ] [ LANG ] D:\phpstudy\PHPTutorial\WWW\fastadmin\public/../application/api\lang\zh-cn.php
[ info ] [ BEHAVIOR ] Run app\common\behavior\Common @module_init [ RunTime:0.002236s ]
[ info ] [ RUN ] app\api\controller\AppProduct->getServiA[ D:\phpstudy\PHPTutorial\WWW\fastadmin\application\api\controller\AppProduct.php ]
[ info ] [ DB ] INIT mysql
[ info ] [ LOG ] INIT File
[ sql ] [ DB ] CONNECT:[ UseTime:0.022423s ] mysql:host=123.57.11.135;port=3306;dbname=bemarvelous;charset=utf8
[ sql ] [ SQL ] SHOW COLUMNS FROM `be_product` [ RunTime:0.017090s ]
[ error ] [10501]SQLSTATE[42000]: Syntax error or access violation: 1064 You have an error in your SQL syntax; check the manual that corresponds to your MySQL server version for the right syntax to use near 'desc FROM `be_product` WHERE  `id` = ? LIMIT 1' at line 1[D:\phpstudy\PHPTutorial\WWW\fastadmin\thinkphp\library\think\db\Connection.php:385]
---------------------------------------------------------------
[ 2020-03-05T19:06:01+08:00 ] 127.0.0.1 GET www.lbxr.com/getServiA?id=1
[运行时间：0.101945s] [吞吐率：9.81req/s] [内存消耗：3,552.63kb] [文件加载：127]
[ info ] [ BEHAVIOR ] Run Closure @app_init [ RunTime:0.000032s ]
[ info ] [ CACHE ] INIT File
[ info ] [ BEHAVIOR ] Run Closure @app_init [ RunTime:0.002857s ]
[ info ] [ LANG ] D:\phpstudy\PHPTutorial\WWW\fastadmin\thinkphp\lang\zh-cn.php
[ info ] [ ROUTE ] array (
  'type' => 'module',
  'module' => 
  array (
    0 => 'api',
    1 => 'AppProduct',
    2 => 'getServiA',
  ),
  'convert' => false,
)
[ info ] [ HEADER ] array (
  'connection' => 'close',
  'accept-encoding' => 'gzip, deflate',
  'cookie' => 'PHPSESSID=dt4ib3afjok24f98um2ge7gbh2',
  'host' => 'www.lbxr.com',
  'accept' => '*/*',
  'user-agent' => 'PostmanRuntime/7.6.0',
  'postman-token' => '7ebf86c7-6e6a-465e-b6b0-90d2c23a351d',
  'cache-control' => 'no-cache',
)
[ info ] [ PARAM ] array (
  'id' => '1',
)
[ info ] [ LANG ] D:\phpstudy\PHPTutorial\WWW\fastadmin\public/../application/api\lang\zh-cn.php
[ info ] [ BEHAVIOR ] Run app\common\behavior\Common @module_init [ RunTime:0.001796s ]
[ info ] [ RUN ] app\api\controller\AppProduct->getServiA[ D:\phpstudy\PHPTutorial\WWW\fastadmin\application\api\controller\AppProduct.php ]
[ info ] [ DB ] INIT mysql
[ info ] [ LOG ] INIT File
[ sql ] [ DB ] CONNECT:[ UseTime:0.024249s ] mysql:host=123.57.11.135;port=3306;dbname=bemarvelous;charset=utf8
[ sql ] [ SQL ] SHOW COLUMNS FROM `be_product` [ RunTime:0.016820s ]
[ error ] [10501]SQLSTATE[42000]: Syntax error or access violation: 1064 You have an error in your SQL syntax; check the manual that corresponds to your MySQL server version for the right syntax to use near 'desc FROM `be_product` WHERE  `id` = ? LIMIT 1' at line 1[D:\phpstudy\PHPTutorial\WWW\fastadmin\thinkphp\library\think\db\Connection.php:385]
---------------------------------------------------------------
[ 2020-03-05T19:06:13+08:00 ] 127.0.0.1 GET www.lbxr.com/getServiA?id=1
[运行时间：0.113316s] [吞吐率：8.82req/s] [内存消耗：3,492.89kb] [文件加载：123]
[ info ] [ BEHAVIOR ] Run Closure @app_init [ RunTime:0.000031s ]
[ info ] [ CACHE ] INIT File
[ info ] [ BEHAVIOR ] Run Closure @app_init [ RunTime:0.002170s ]
[ info ] [ LANG ] D:\phpstudy\PHPTutorial\WWW\fastadmin\thinkphp\lang\zh-cn.php
[ info ] [ ROUTE ] array (
  'type' => 'module',
  'module' => 
  array (
    0 => 'api',
    1 => 'AppProduct',
    2 => 'getServiA',
  ),
  'convert' => false,
)
[ info ] [ HEADER ] array (
  'connection' => 'close',
  'accept-encoding' => 'gzip, deflate',
  'cookie' => 'PHPSESSID=dt4ib3afjok24f98um2ge7gbh2',
  'host' => 'www.lbxr.com',
  'accept' => '*/*',
  'user-agent' => 'PostmanRuntime/7.6.0',
  'postman-token' => '8ff26259-b7c3-4c2b-a6ef-494f26a4ce64',
  'cache-control' => 'no-cache',
)
[ info ] [ PARAM ] array (
  'id' => '1',
)
[ info ] [ LANG ] D:\phpstudy\PHPTutorial\WWW\fastadmin\public/../application/api\lang\zh-cn.php
[ info ] [ BEHAVIOR ] Run app\common\behavior\Common @module_init [ RunTime:0.001813s ]
[ info ] [ RUN ] app\api\controller\AppProduct->getServiA[ D:\phpstudy\PHPTutorial\WWW\fastadmin\application\api\controller\AppProduct.php ]
[ info ] [ DB ] INIT mysql
[ info ] [ LOG ] INIT File
[ sql ] [ DB ] CONNECT:[ UseTime:0.029032s ] mysql:host=123.57.11.135;port=3306;dbname=bemarvelous;charset=utf8
[ sql ] [ SQL ] SHOW COLUMNS FROM `be_product` [ RunTime:0.019458s ]
[ sql ] [ SQL ] SELECT `ser_desc` FROM `be_product` WHERE  `id` = 1 LIMIT 1 [ RunTime:0.017776s ]
---------------------------------------------------------------
[ 2020-03-05T19:06:30+08:00 ] 127.0.0.1 GET www.lbxr.com/getServiA?id=1
[运行时间：0.099227s] [吞吐率：10.08req/s] [内存消耗：3,552.63kb] [文件加载：127]
[ info ] [ BEHAVIOR ] Run Closure @app_init [ RunTime:0.000046s ]
[ info ] [ CACHE ] INIT File
[ info ] [ BEHAVIOR ] Run Closure @app_init [ RunTime:0.002343s ]
[ info ] [ LANG ] D:\phpstudy\PHPTutorial\WWW\fastadmin\thinkphp\lang\zh-cn.php
[ info ] [ ROUTE ] array (
  'type' => 'module',
  'module' => 
  array (
    0 => 'api',
    1 => 'AppProduct',
    2 => 'getServiA',
  ),
  'convert' => false,
)
[ info ] [ HEADER ] array (
  'connection' => 'close',
  'accept-encoding' => 'gzip, deflate',
  'cookie' => 'PHPSESSID=dt4ib3afjok24f98um2ge7gbh2',
  'host' => 'www.lbxr.com',
  'accept' => '*/*',
  'user-agent' => 'PostmanRuntime/7.6.0',
  'postman-token' => '02153882-abb8-47b4-a05e-31781bac0528',
  'cache-control' => 'no-cache',
)
[ info ] [ PARAM ] array (
  'id' => '1',
)
[ info ] [ LANG ] D:\phpstudy\PHPTutorial\WWW\fastadmin\public/../application/api\lang\zh-cn.php
[ info ] [ BEHAVIOR ] Run app\common\behavior\Common @module_init [ RunTime:0.001661s ]
[ info ] [ RUN ] app\api\controller\AppProduct->getServiA[ D:\phpstudy\PHPTutorial\WWW\fastadmin\application\api\controller\AppProduct.php ]
[ info ] [ DB ] INIT mysql
[ info ] [ LOG ] INIT File
[ sql ] [ DB ] CONNECT:[ UseTime:0.025117s ] mysql:host=123.57.11.135;port=3306;dbname=bemarvelous;charset=utf8
[ sql ] [ SQL ] SHOW COLUMNS FROM `be_product` [ RunTime:0.019230s ]
[ error ] [10501]SQLSTATE[42000]: Syntax error or access violation: 1064 You have an error in your SQL syntax; check the manual that corresponds to your MySQL server version for the right syntax to use near 'desc FROM `be_product` WHERE  `id` = ? LIMIT 1' at line 1[D:\phpstudy\PHPTutorial\WWW\fastadmin\thinkphp\library\think\db\Connection.php:385]
---------------------------------------------------------------
[ 2020-03-05T19:06:52+08:00 ] 127.0.0.1 GET www.lbxr.com/getServiA?id=1
[运行时间：0.107532s] [吞吐率：9.30req/s] [内存消耗：3,492.86kb] [文件加载：123]
[ info ] [ BEHAVIOR ] Run Closure @app_init [ RunTime:0.000035s ]
[ info ] [ CACHE ] INIT File
[ info ] [ BEHAVIOR ] Run Closure @app_init [ RunTime:0.001944s ]
[ info ] [ LANG ] D:\phpstudy\PHPTutorial\WWW\fastadmin\thinkphp\lang\zh-cn.php
[ info ] [ ROUTE ] array (
  'type' => 'module',
  'module' => 
  array (
    0 => 'api',
    1 => 'AppProduct',
    2 => 'getServiA',
  ),
  'convert' => false,
)
[ info ] [ HEADER ] array (
  'connection' => 'close',
  'accept-encoding' => 'gzip, deflate',
  'cookie' => 'PHPSESSID=dt4ib3afjok24f98um2ge7gbh2',
  'host' => 'www.lbxr.com',
  'accept' => '*/*',
  'user-agent' => 'PostmanRuntime/7.6.0',
  'postman-token' => '7ed6f343-d7ed-47b5-bd73-38f3caf81a4b',
  'cache-control' => 'no-cache',
)
[ info ] [ PARAM ] array (
  'id' => '1',
)
[ info ] [ LANG ] D:\phpstudy\PHPTutorial\WWW\fastadmin\public/../application/api\lang\zh-cn.php
[ info ] [ BEHAVIOR ] Run app\common\behavior\Common @module_init [ RunTime:0.001706s ]
[ info ] [ RUN ] app\api\controller\AppProduct->getServiA[ D:\phpstudy\PHPTutorial\WWW\fastadmin\application\api\controller\AppProduct.php ]
[ info ] [ DB ] INIT mysql
[ info ] [ LOG ] INIT File
[ sql ] [ DB ] CONNECT:[ UseTime:0.024956s ] mysql:host=123.57.11.135;port=3306;dbname=bemarvelous;charset=utf8
[ sql ] [ SQL ] SHOW COLUMNS FROM `be_product` [ RunTime:0.017271s ]
[ sql ] [ SQL ] SELECT ser_desc as ooo FROM `be_product` WHERE  `id` = 1 LIMIT 1 [ RunTime:0.018860s ]
---------------------------------------------------------------
[ 2020-03-05T19:07:06+08:00 ] 127.0.0.1 GET www.lbxr.com/getServiA?id=1
[运行时间：0.121047s] [吞吐率：8.26req/s] [内存消耗：3,492.90kb] [文件加载：123]
[ info ] [ BEHAVIOR ] Run Closure @app_init [ RunTime:0.000032s ]
[ info ] [ CACHE ] INIT File
[ info ] [ BEHAVIOR ] Run Closure @app_init [ RunTime:0.002043s ]
[ info ] [ LANG ] D:\phpstudy\PHPTutorial\WWW\fastadmin\thinkphp\lang\zh-cn.php
[ info ] [ ROUTE ] array (
  'type' => 'module',
  'module' => 
  array (
    0 => 'api',
    1 => 'AppProduct',
    2 => 'getServiA',
  ),
  'convert' => false,
)
[ info ] [ HEADER ] array (
  'connection' => 'close',
  'accept-encoding' => 'gzip, deflate',
  'cookie' => 'PHPSESSID=dt4ib3afjok24f98um2ge7gbh2',
  'host' => 'www.lbxr.com',
  'accept' => '*/*',
  'user-agent' => 'PostmanRuntime/7.6.0',
  'postman-token' => '6ee2fae9-fbdf-4332-a6ec-cee8273389ed',
  'cache-control' => 'no-cache',
)
[ info ] [ PARAM ] array (
  'id' => '1',
)
[ info ] [ LANG ] D:\phpstudy\PHPTutorial\WWW\fastadmin\public/../application/api\lang\zh-cn.php
[ info ] [ BEHAVIOR ] Run app\common\behavior\Common @module_init [ RunTime:0.001731s ]
[ info ] [ RUN ] app\api\controller\AppProduct->getServiA[ D:\phpstudy\PHPTutorial\WWW\fastadmin\application\api\controller\AppProduct.php ]
[ info ] [ DB ] INIT mysql
[ info ] [ LOG ] INIT File
[ sql ] [ DB ] CONNECT:[ UseTime:0.025697s ] mysql:host=123.57.11.135;port=3306;dbname=bemarvelous;charset=utf8
[ sql ] [ SQL ] SHOW COLUMNS FROM `be_product` [ RunTime:0.017217s ]
[ sql ] [ SQL ] SELECT ser_desc as sdesc FROM `be_product` WHERE  `id` = 1 LIMIT 1 [ RunTime:0.015470s ]
---------------------------------------------------------------
[ 2020-03-05T19:09:35+08:00 ] 127.0.0.1 GET www.lbxr.com/getServiA?id=1
[运行时间：0.107372s] [吞吐率：9.31req/s] [内存消耗：3,492.90kb] [文件加载：123]
[ info ] [ BEHAVIOR ] Run Closure @app_init [ RunTime:0.000125s ]
[ info ] [ CACHE ] INIT File
[ info ] [ BEHAVIOR ] Run Closure @app_init [ RunTime:0.001921s ]
[ info ] [ LANG ] D:\phpstudy\PHPTutorial\WWW\fastadmin\thinkphp\lang\zh-cn.php
[ info ] [ ROUTE ] array (
  'type' => 'module',
  'module' => 
  array (
    0 => 'api',
    1 => 'AppProduct',
    2 => 'getServiA',
  ),
  'convert' => false,
)
[ info ] [ HEADER ] array (
  'connection' => 'close',
  'accept-encoding' => 'gzip, deflate',
  'cookie' => 'PHPSESSID=dt4ib3afjok24f98um2ge7gbh2',
  'host' => 'www.lbxr.com',
  'accept' => '*/*',
  'user-agent' => 'PostmanRuntime/7.6.0',
  'postman-token' => '2fd3c34e-84df-475a-a33a-a532f14d4332',
  'cache-control' => 'no-cache',
)
[ info ] [ PARAM ] array (
  'id' => '1',
)
[ info ] [ LANG ] D:\phpstudy\PHPTutorial\WWW\fastadmin\public/../application/api\lang\zh-cn.php
[ info ] [ BEHAVIOR ] Run app\common\behavior\Common @module_init [ RunTime:0.001657s ]
[ info ] [ RUN ] app\api\controller\AppProduct->getServiA[ D:\phpstudy\PHPTutorial\WWW\fastadmin\application\api\controller\AppProduct.php ]
[ info ] [ DB ] INIT mysql
[ info ] [ LOG ] INIT File
[ sql ] [ DB ] CONNECT:[ UseTime:0.026473s ] mysql:host=123.57.11.135;port=3306;dbname=bemarvelous;charset=utf8
[ sql ] [ SQL ] SHOW COLUMNS FROM `be_product` [ RunTime:0.018331s ]
[ sql ] [ SQL ] SELECT ser_desc as sdesc FROM `be_product` WHERE  `id` = 1 LIMIT 1 [ RunTime:0.016721s ]
---------------------------------------------------------------
[ 2020-03-05T19:10:13+08:00 ] 127.0.0.1 GET www.lbxr.com/getServiA?id=1
[运行时间：0.102238s] [吞吐率：9.78req/s] [内存消耗：3,493.51kb] [文件加载：123]
[ info ] [ BEHAVIOR ] Run Closure @app_init [ RunTime:0.000031s ]
[ info ] [ CACHE ] INIT File
[ info ] [ BEHAVIOR ] Run Closure @app_init [ RunTime:0.001842s ]
[ info ] [ LANG ] D:\phpstudy\PHPTutorial\WWW\fastadmin\thinkphp\lang\zh-cn.php
[ info ] [ ROUTE ] array (
  'type' => 'module',
  'module' => 
  array (
    0 => 'api',
    1 => 'AppProduct',
    2 => 'getServiA',
  ),
  'convert' => false,
)
[ info ] [ HEADER ] array (
  'connection' => 'close',
  'accept-encoding' => 'gzip, deflate',
  'cookie' => 'PHPSESSID=dt4ib3afjok24f98um2ge7gbh2',
  'host' => 'www.lbxr.com',
  'accept' => '*/*',
  'user-agent' => 'PostmanRuntime/7.6.0',
  'postman-token' => '791d4dcc-2863-4abc-bc83-d0d1dab4ddcd',
  'cache-control' => 'no-cache',
)
[ info ] [ PARAM ] array (
  'id' => '1',
)
[ info ] [ LANG ] D:\phpstudy\PHPTutorial\WWW\fastadmin\public/../application/api\lang\zh-cn.php
[ info ] [ BEHAVIOR ] Run app\common\behavior\Common @module_init [ RunTime:0.001655s ]
[ info ] [ RUN ] app\api\controller\AppProduct->getServiA[ D:\phpstudy\PHPTutorial\WWW\fastadmin\application\api\controller\AppProduct.php ]
[ info ] [ DB ] INIT mysql
[ info ] [ LOG ] INIT File
[ sql ] [ DB ] CONNECT:[ UseTime:0.025174s ] mysql:host=123.57.11.135;port=3306;dbname=bemarvelous;charset=utf8
[ sql ] [ SQL ] SHOW COLUMNS FROM `be_product` [ RunTime:0.017522s ]
[ sql ] [ SQL ] SELECT ser_desc as sdesc FROM `be_product` WHERE  `id` = 1 LIMIT 1 [ RunTime:0.016489s ]
---------------------------------------------------------------
[ 2020-03-05T19:11:37+08:00 ] 127.0.0.1 GET www.lbxr.com/getServiA?id=1
[运行时间：0.124281s] [吞吐率：8.05req/s] [内存消耗：3,493.63kb] [文件加载：123]
[ info ] [ BEHAVIOR ] Run Closure @app_init [ RunTime:0.000035s ]
[ info ] [ CACHE ] INIT File
[ info ] [ BEHAVIOR ] Run Closure @app_init [ RunTime:0.001894s ]
[ info ] [ LANG ] D:\phpstudy\PHPTutorial\WWW\fastadmin\thinkphp\lang\zh-cn.php
[ info ] [ ROUTE ] array (
  'type' => 'module',
  'module' => 
  array (
    0 => 'api',
    1 => 'AppProduct',
    2 => 'getServiA',
  ),
  'convert' => false,
)
[ info ] [ HEADER ] array (
  'connection' => 'close',
  'accept-encoding' => 'gzip, deflate',
  'cookie' => 'PHPSESSID=dt4ib3afjok24f98um2ge7gbh2',
  'host' => 'www.lbxr.com',
  'accept' => '*/*',
  'user-agent' => 'PostmanRuntime/7.6.0',
  'postman-token' => '05ee40b2-124c-427a-a86d-0591b3e9af89',
  'cache-control' => 'no-cache',
)
[ info ] [ PARAM ] array (
  'id' => '1',
)
[ info ] [ LANG ] D:\phpstudy\PHPTutorial\WWW\fastadmin\public/../application/api\lang\zh-cn.php
[ info ] [ BEHAVIOR ] Run app\common\behavior\Common @module_init [ RunTime:0.001646s ]
[ info ] [ RUN ] app\api\controller\AppProduct->getServiA[ D:\phpstudy\PHPTutorial\WWW\fastadmin\application\api\controller\AppProduct.php ]
[ info ] [ DB ] INIT mysql
[ info ] [ LOG ] INIT File
[ sql ] [ DB ] CONNECT:[ UseTime:0.029740s ] mysql:host=123.57.11.135;port=3306;dbname=bemarvelous;charset=utf8
[ sql ] [ SQL ] SHOW COLUMNS FROM `be_product` [ RunTime:0.019683s ]
[ sql ] [ SQL ] SELECT ser_desc as sdesc FROM `be_product` WHERE  `id` = 1 LIMIT 1 [ RunTime:0.018142s ]
---------------------------------------------------------------
[ 2020-03-05T19:14:37+08:00 ] 127.0.0.1 GET www.lbxr.com/
[运行时间：0.115230s] [吞吐率：8.68req/s] [内存消耗：2,937.97kb] [文件加载：123]
[ info ] [ BEHAVIOR ] Run Closure @app_init [ RunTime:0.000035s ]
[ info ] [ CACHE ] INIT File
[ info ] [ BEHAVIOR ] Run Closure @app_init [ RunTime:0.001798s ]
[ info ] [ LANG ] D:\phpstudy\PHPTutorial\WWW\fastadmin\thinkphp\lang\zh-cn.php
[ info ] [ ROUTE ] array (
  'type' => 'module',
  'module' => 
  array (
    0 => '',
    1 => NULL,
    2 => NULL,
  ),
)
[ info ] [ HEADER ] array (
  'upgrade-insecure-requests' => '1',
  'cookie' => 'Hm_lvt_f8d0a8c400404989e195270b0bbf060a=1579157116,1579226458,1579424574; PHPSESSID=vpsgmff2okjnprd8njmk6v5ds5',
  'connection' => 'close',
  'accept-encoding' => 'gzip, deflate',
  'accept-language' => 'zh-CN,zh;q=0.8,zh-TW;q=0.7,zh-HK;q=0.5,en-US;q=0.3,en;q=0.2',
  'accept' => 'text/html,application/xhtml+xml,application/xml;q=0.9,image/webp,*/*;q=0.8',
  'user-agent' => 'Mozilla/5.0 (Windows NT 10.0; Win64; x64; rv:73.0) Gecko/20100101 Firefox/73.0',
  'host' => 'www.lbxr.com',
)
[ info ] [ PARAM ] array (
)
[ info ] [ LANG ] D:\phpstudy\PHPTutorial\WWW\fastadmin\public/../application/index\lang\zh-cn.php
[ info ] [ BEHAVIOR ] Run app\common\behavior\Common @module_init [ RunTime:0.001616s ]
[ info ] [ LANG ] D:\phpstudy\PHPTutorial\WWW\fastadmin\public/../application/index/lang/zh-cn/index.php
[ info ] [ RUN ] app\index\controller\Index->index[ D:\phpstudy\PHPTutorial\WWW\fastadmin\application\index\controller\Index.php ]
[ info ] [ VIEW ] D:\phpstudy\PHPTutorial\WWW\fastadmin\public/../application/index\view\index\ispc.html [ array (
  0 => 'user',
  1 => 'site',
  2 => 'config',
) ]
[ info ] [ LOG ] INIT File
---------------------------------------------------------------
[ 2020-03-05T19:14:40+08:00 ] 127.0.0.1 GET www.lbxr.com/doc
[运行时间：0.071407s] [吞吐率：14.00req/s] [内存消耗：2,533.83kb] [文件加载：121]
[ info ] [ BEHAVIOR ] Run Closure @app_init [ RunTime:0.000053s ]
[ info ] [ CACHE ] INIT File
[ info ] [ BEHAVIOR ] Run Closure @app_init [ RunTime:0.002670s ]
[ info ] [ LANG ] D:\phpstudy\PHPTutorial\WWW\fastadmin\thinkphp\lang\zh-cn.php
[ info ] [ ROUTE ] array (
  'type' => 'method',
  'method' => 
  array (
    0 => 'reflection\\Documents',
    1 => 'run',
  ),
  'var' => 
  array (
  ),
)
[ info ] [ HEADER ] array (
  'upgrade-insecure-requests' => '1',
  'cookie' => 'Hm_lvt_f8d0a8c400404989e195270b0bbf060a=1579157116,1579226458,1579424574; PHPSESSID=vpsgmff2okjnprd8njmk6v5ds5',
  'connection' => 'close',
  'accept-encoding' => 'gzip, deflate',
  'accept-language' => 'zh-CN,zh;q=0.8,zh-TW;q=0.7,zh-HK;q=0.5,en-US;q=0.3,en;q=0.2',
  'accept' => 'text/html,application/xhtml+xml,application/xml;q=0.9,image/webp,*/*;q=0.8',
  'user-agent' => 'Mozilla/5.0 (Windows NT 10.0; Win64; x64; rv:73.0) Gecko/20100101 Firefox/73.0',
  'host' => 'www.lbxr.com',
)
[ info ] [ PARAM ] array (
)
[ info ] [ RUN ] reflection\Documents->run[ D:\phpstudy\PHPTutorial\WWW\fastadmin\extend\reflection\Documents.php ]
[ info ] [ LOG ] INIT File
[ error ] [64]Cannot use app\api\model\Product as Product because the name is already in use[D:\phpstudy\PHPTutorial\WWW\fastadmin\application\api\controller\AppHomePage.php:7]
---------------------------------------------------------------
[ 2020-03-05T19:14:50+08:00 ] 127.0.0.1 GET www.lbxr.com/doc
[运行时间：0.048603s] [吞吐率：20.57req/s] [内存消耗：2,517.36kb] [文件加载：121]
[ info ] [ BEHAVIOR ] Run Closure @app_init [ RunTime:0.000027s ]
[ info ] [ CACHE ] INIT File
[ info ] [ BEHAVIOR ] Run Closure @app_init [ RunTime:0.002233s ]
[ info ] [ LANG ] D:\phpstudy\PHPTutorial\WWW\fastadmin\thinkphp\lang\zh-cn.php
[ info ] [ ROUTE ] array (
  'type' => 'method',
  'method' => 
  array (
    0 => 'reflection\\Documents',
    1 => 'run',
  ),
  'var' => 
  array (
  ),
)
[ info ] [ HEADER ] array (
  'cache-control' => 'max-age=0',
  'upgrade-insecure-requests' => '1',
  'cookie' => 'Hm_lvt_f8d0a8c400404989e195270b0bbf060a=1579157116,1579226458,1579424574; PHPSESSID=vpsgmff2okjnprd8njmk6v5ds5',
  'connection' => 'close',
  'accept-encoding' => 'gzip, deflate',
  'accept-language' => 'zh-CN,zh;q=0.8,zh-TW;q=0.7,zh-HK;q=0.5,en-US;q=0.3,en;q=0.2',
  'accept' => 'text/html,application/xhtml+xml,application/xml;q=0.9,image/webp,*/*;q=0.8',
  'user-agent' => 'Mozilla/5.0 (Windows NT 10.0; Win64; x64; rv:73.0) Gecko/20100101 Firefox/73.0',
  'host' => 'www.lbxr.com',
)
[ info ] [ PARAM ] array (
)
[ info ] [ RUN ] reflection\Documents->run[ D:\phpstudy\PHPTutorial\WWW\fastadmin\extend\reflection\Documents.php ]
[ info ] [ LOG ] INIT File
[ error ] [64]Cannot use app\api\model\Product as Product because the name is already in use[D:\phpstudy\PHPTutorial\WWW\fastadmin\application\api\controller\AppHomePage.php:7]
---------------------------------------------------------------
[ 2020-03-05T19:14:51+08:00 ] 127.0.0.1 GET www.lbxr.com/doc
[运行时间：0.040351s] [吞吐率：24.78req/s] [内存消耗：2,517.36kb] [文件加载：121]
[ info ] [ BEHAVIOR ] Run Closure @app_init [ RunTime:0.000034s ]
[ info ] [ CACHE ] INIT File
[ info ] [ BEHAVIOR ] Run Closure @app_init [ RunTime:0.001858s ]
[ info ] [ LANG ] D:\phpstudy\PHPTutorial\WWW\fastadmin\thinkphp\lang\zh-cn.php
[ info ] [ ROUTE ] array (
  'type' => 'method',
  'method' => 
  array (
    0 => 'reflection\\Documents',
    1 => 'run',
  ),
  'var' => 
  array (
  ),
)
[ info ] [ HEADER ] array (
  'cache-control' => 'max-age=0',
  'upgrade-insecure-requests' => '1',
  'cookie' => 'Hm_lvt_f8d0a8c400404989e195270b0bbf060a=1579157116,1579226458,1579424574; PHPSESSID=vpsgmff2okjnprd8njmk6v5ds5',
  'connection' => 'close',
  'accept-encoding' => 'gzip, deflate',
  'accept-language' => 'zh-CN,zh;q=0.8,zh-TW;q=0.7,zh-HK;q=0.5,en-US;q=0.3,en;q=0.2',
  'accept' => 'text/html,application/xhtml+xml,application/xml;q=0.9,image/webp,*/*;q=0.8',
  'user-agent' => 'Mozilla/5.0 (Windows NT 10.0; Win64; x64; rv:73.0) Gecko/20100101 Firefox/73.0',
  'host' => 'www.lbxr.com',
)
[ info ] [ PARAM ] array (
)
[ info ] [ RUN ] reflection\Documents->run[ D:\phpstudy\PHPTutorial\WWW\fastadmin\extend\reflection\Documents.php ]
[ info ] [ LOG ] INIT File
[ error ] [64]Cannot use app\api\model\Product as Product because the name is already in use[D:\phpstudy\PHPTutorial\WWW\fastadmin\application\api\controller\AppHomePage.php:7]
---------------------------------------------------------------
[ 2020-03-05T19:14:56+08:00 ] 127.0.0.1 GET www.lbxr.com/doc
[运行时间：0.045408s] [吞吐率：22.02req/s] [内存消耗：2,517.36kb] [文件加载：121]
[ info ] [ BEHAVIOR ] Run Closure @app_init [ RunTime:0.000030s ]
[ info ] [ CACHE ] INIT File
[ info ] [ BEHAVIOR ] Run Closure @app_init [ RunTime:0.001976s ]
[ info ] [ LANG ] D:\phpstudy\PHPTutorial\WWW\fastadmin\thinkphp\lang\zh-cn.php
[ info ] [ ROUTE ] array (
  'type' => 'method',
  'method' => 
  array (
    0 => 'reflection\\Documents',
    1 => 'run',
  ),
  'var' => 
  array (
  ),
)
[ info ] [ HEADER ] array (
  'cache-control' => 'max-age=0',
  'upgrade-insecure-requests' => '1',
  'cookie' => 'Hm_lvt_f8d0a8c400404989e195270b0bbf060a=1579157116,1579226458,1579424574; PHPSESSID=vpsgmff2okjnprd8njmk6v5ds5',
  'connection' => 'close',
  'accept-encoding' => 'gzip, deflate',
  'accept-language' => 'zh-CN,zh;q=0.8,zh-TW;q=0.7,zh-HK;q=0.5,en-US;q=0.3,en;q=0.2',
  'accept' => 'text/html,application/xhtml+xml,application/xml;q=0.9,image/webp,*/*;q=0.8',
  'user-agent' => 'Mozilla/5.0 (Windows NT 10.0; Win64; x64; rv:73.0) Gecko/20100101 Firefox/73.0',
  'host' => 'www.lbxr.com',
)
[ info ] [ PARAM ] array (
)
[ info ] [ RUN ] reflection\Documents->run[ D:\phpstudy\PHPTutorial\WWW\fastadmin\extend\reflection\Documents.php ]
[ info ] [ LOG ] INIT File
[ error ] [64]Cannot use app\api\model\Product as Product because the name is already in use[D:\phpstudy\PHPTutorial\WWW\fastadmin\application\api\controller\AppHomePage.php:7]
---------------------------------------------------------------
[ 2020-03-05T19:31:47+08:00 ] 127.0.0.1 GET www.lbxr.com/getSeleA?id=1
[运行时间：0.053489s] [吞吐率：18.70req/s] [内存消耗：2,353.46kb] [文件加载：117]
[ info ] [ BEHAVIOR ] Run Closure @app_init [ RunTime:0.000194s ]
[ info ] [ CACHE ] INIT File
[ info ] [ BEHAVIOR ] Run Closure @app_init [ RunTime:0.002111s ]
[ info ] [ LANG ] D:\phpstudy\PHPTutorial\WWW\fastadmin\thinkphp\lang\zh-cn.php
[ info ] [ ROUTE ] array (
  'type' => 'module',
  'module' => 
  array (
    0 => 'api',
    1 => 'AppRele',
    2 => 'getSeleA',
  ),
  'convert' => false,
)
[ info ] [ HEADER ] array (
  'connection' => 'close',
  'accept-encoding' => 'gzip, deflate',
  'cookie' => 'PHPSESSID=dt4ib3afjok24f98um2ge7gbh2',
  'host' => 'www.lbxr.com',
  'accept' => '*/*',
  'user-agent' => 'PostmanRuntime/7.6.0',
  'postman-token' => '381d0a28-ed50-4582-87ef-7d7c80320c99',
  'cache-control' => 'no-cache',
)
[ info ] [ PARAM ] array (
  'id' => '1',
)
[ info ] [ LANG ] D:\phpstudy\PHPTutorial\WWW\fastadmin\public/../application/api\lang\zh-cn.php
[ info ] [ BEHAVIOR ] Run app\common\behavior\Common @module_init [ RunTime:0.001716s ]
[ info ] [ LOG ] INIT File
---------------------------------------------------------------
[ 2020-03-05T19:31:59+08:00 ] 127.0.0.1 GET www.lbxr.com/getSeleA?id=1
[运行时间：0.107084s] [吞吐率：9.34req/s] [内存消耗：3,455.10kb] [文件加载：127]
[ info ] [ BEHAVIOR ] Run Closure @app_init [ RunTime:0.000035s ]
[ info ] [ CACHE ] INIT File
[ info ] [ BEHAVIOR ] Run Closure @app_init [ RunTime:0.001872s ]
[ info ] [ LANG ] D:\phpstudy\PHPTutorial\WWW\fastadmin\thinkphp\lang\zh-cn.php
[ info ] [ ROUTE ] array (
  'type' => 'module',
  'module' => 
  array (
    0 => 'api',
    1 => 'AppRele',
    2 => 'getSeleA',
  ),
  'convert' => false,
)
[ info ] [ HEADER ] array (
  'connection' => 'close',
  'accept-encoding' => 'gzip, deflate',
  'cookie' => 'PHPSESSID=dt4ib3afjok24f98um2ge7gbh2',
  'host' => 'www.lbxr.com',
  'accept' => '*/*',
  'user-agent' => 'PostmanRuntime/7.6.0',
  'postman-token' => 'c7f5896d-5b7a-4278-aff4-ee6805c81e29',
  'cache-control' => 'no-cache',
)
[ info ] [ PARAM ] array (
  'id' => '1',
)
[ info ] [ LANG ] D:\phpstudy\PHPTutorial\WWW\fastadmin\public/../application/api\lang\zh-cn.php
[ info ] [ BEHAVIOR ] Run app\common\behavior\Common @module_init [ RunTime:0.001818s ]
[ info ] [ RUN ] app\api\controller\AppRele->getSeleA[ D:\phpstudy\PHPTutorial\WWW\fastadmin\application\api\controller\AppRele.php ]
[ info ] [ DB ] INIT mysql
[ info ] [ LOG ] INIT File
[ sql ] [ DB ] CONNECT:[ UseTime:0.025261s ] mysql:host=123.57.11.135;port=3306;dbname=bemarvelous;charset=utf8
[ sql ] [ SQL ] SHOW COLUMNS FROM `be_rele` [ RunTime:0.017329s ]
[ error ] [10501]SQLSTATE[42S22]: Column not found: 1054 Unknown column 'a.update_time' in 'field list'[D:\phpstudy\PHPTutorial\WWW\fastadmin\thinkphp\library\think\db\Connection.php:385]
---------------------------------------------------------------
[ 2020-03-05T19:32:34+08:00 ] 127.0.0.1 GET www.lbxr.com/getSeleA?id=1
[运行时间：0.117483s] [吞吐率：8.51req/s] [内存消耗：3,336.34kb] [文件加载：123]
[ info ] [ BEHAVIOR ] Run Closure @app_init [ RunTime:0.000033s ]
[ info ] [ CACHE ] INIT File
[ info ] [ BEHAVIOR ] Run Closure @app_init [ RunTime:0.002136s ]
[ info ] [ LANG ] D:\phpstudy\PHPTutorial\WWW\fastadmin\thinkphp\lang\zh-cn.php
[ info ] [ ROUTE ] array (
  'type' => 'module',
  'module' => 
  array (
    0 => 'api',
    1 => 'AppRele',
    2 => 'getSeleA',
  ),
  'convert' => false,
)
[ info ] [ HEADER ] array (
  'connection' => 'close',
  'accept-encoding' => 'gzip, deflate',
  'cookie' => 'PHPSESSID=dt4ib3afjok24f98um2ge7gbh2',
  'host' => 'www.lbxr.com',
  'accept' => '*/*',
  'user-agent' => 'PostmanRuntime/7.6.0',
  'postman-token' => 'f6cbdc03-3a15-49b5-ad0d-7f31a3f25eb8',
  'cache-control' => 'no-cache',
)
[ info ] [ PARAM ] array (
  'id' => '1',
)
[ info ] [ LANG ] D:\phpstudy\PHPTutorial\WWW\fastadmin\public/../application/api\lang\zh-cn.php
[ info ] [ BEHAVIOR ] Run app\common\behavior\Common @module_init [ RunTime:0.001877s ]
[ info ] [ RUN ] app\api\controller\AppRele->getSeleA[ D:\phpstudy\PHPTutorial\WWW\fastadmin\application\api\controller\AppRele.php ]
[ info ] [ DB ] INIT mysql
[ info ] [ LOG ] INIT File
[ sql ] [ DB ] CONNECT:[ UseTime:0.027100s ] mysql:host=123.57.11.135;port=3306;dbname=bemarvelous;charset=utf8
[ sql ] [ SQL ] SHOW COLUMNS FROM `be_rele` [ RunTime:0.016295s ]
[ sql ] [ SQL ] SELECT `title`,date_format(update_time,"%Y月%m日") as time,`con1`,`con1_img`,`con2` FROM `be_rele` ORDER BY `update_time` DESC LIMIT 1 [ RunTime:0.026684s ]
---------------------------------------------------------------
[ 2020-03-05T19:34:17+08:00 ] 127.0.0.1 GET www.lbxr.com/getproFiA?id=1
[运行时间：0.120136s] [吞吐率：8.32req/s] [内存消耗：3,500.05kb] [文件加载：123]
[ info ] [ BEHAVIOR ] Run Closure @app_init [ RunTime:0.000033s ]
[ info ] [ CACHE ] INIT File
[ info ] [ BEHAVIOR ] Run Closure @app_init [ RunTime:0.001926s ]
[ info ] [ LANG ] D:\phpstudy\PHPTutorial\WWW\fastadmin\thinkphp\lang\zh-cn.php
[ info ] [ ROUTE ] array (
  'type' => 'module',
  'module' => 
  array (
    0 => 'api',
    1 => 'AppProduct',
    2 => 'ProductFind',
  ),
  'convert' => false,
)
[ info ] [ HEADER ] array (
  'connection' => 'close',
  'accept-encoding' => 'gzip, deflate',
  'cookie' => 'PHPSESSID=dt4ib3afjok24f98um2ge7gbh2',
  'host' => 'www.lbxr.com',
  'accept' => '*/*',
  'user-agent' => 'PostmanRuntime/7.6.0',
  'postman-token' => '0e5a187a-302b-495c-9679-168fe042552b',
  'cache-control' => 'no-cache',
)
[ info ] [ PARAM ] array (
  'id' => '1',
)
[ info ] [ LANG ] D:\phpstudy\PHPTutorial\WWW\fastadmin\public/../application/api\lang\zh-cn.php
[ info ] [ BEHAVIOR ] Run app\common\behavior\Common @module_init [ RunTime:0.001628s ]
[ info ] [ RUN ] app\api\controller\AppProduct->ProductFind[ D:\phpstudy\PHPTutorial\WWW\fastadmin\application\api\controller\AppProduct.php ]
[ info ] [ DB ] INIT mysql
[ info ] [ LOG ] INIT File
[ sql ] [ DB ] CONNECT:[ UseTime:0.025805s ] mysql:host=123.57.11.135;port=3306;dbname=bemarvelous;charset=utf8
[ sql ] [ SQL ] SHOW COLUMNS FROM `be_product` [ RunTime:0.018085s ]
[ sql ] [ SQL ] SELECT `a`.`id`,a.name as title,`a`.`price`,`a`.`series_id`,`a`.`brief`,a.details_image as d_image,`a`.`specs`,a.brief_image as b_image,`a`.`goods_specs`,`a`.`con_image`,a.con_title as c_title,a.con as content,a.con1 as content2,`a`.`small_type`,s.id as s_id,s.type as type FROM `be_product` `a` LEFT JOIN `be_series` `s` ON `a`.`big_type`=`s`.`id` WHERE  `a`.`id` = '1' LIMIT 1 [ RunTime:0.015817s ]
[ sql ] [ SQL ] SELECT `id`,name as title,`image`,`price` FROM `be_product` WHERE  `series_id` = 1  AND `id` <> 1 LIMIT 0,3 [ RunTime:0.012951s ]
---------------------------------------------------------------
[ 2020-03-05T19:34:33+08:00 ] 127.0.0.1 GET www.lbxr.com/getserFiA?id=1
[运行时间：0.159573s] [吞吐率：6.27req/s] [内存消耗：3,432.05kb] [文件加载：123]
[ info ] [ BEHAVIOR ] Run Closure @app_init [ RunTime:0.000038s ]
[ info ] [ CACHE ] INIT File
[ info ] [ BEHAVIOR ] Run Closure @app_init [ RunTime:0.002251s ]
[ info ] [ LANG ] D:\phpstudy\PHPTutorial\WWW\fastadmin\thinkphp\lang\zh-cn.php
[ info ] [ ROUTE ] array (
  'type' => 'module',
  'module' => 
  array (
    0 => 'api',
    1 => 'AppSeries',
    2 => 'SerserFiA',
  ),
  'convert' => false,
)
[ info ] [ HEADER ] array (
  'connection' => 'close',
  'accept-encoding' => 'gzip, deflate',
  'cookie' => 'PHPSESSID=dt4ib3afjok24f98um2ge7gbh2',
  'host' => 'www.lbxr.com',
  'accept' => '*/*',
  'user-agent' => 'PostmanRuntime/7.6.0',
  'postman-token' => '02ef791b-2575-4d40-899b-a4b5a919460a',
  'cache-control' => 'no-cache',
)
[ info ] [ PARAM ] array (
  'id' => '1',
)
[ info ] [ LANG ] D:\phpstudy\PHPTutorial\WWW\fastadmin\public/../application/api\lang\zh-cn.php
[ info ] [ BEHAVIOR ] Run app\common\behavior\Common @module_init [ RunTime:0.002781s ]
[ info ] [ RUN ] app\api\controller\AppSeries->SerserFiA[ D:\phpstudy\PHPTutorial\WWW\fastadmin\application\api\controller\AppSeries.php ]
[ info ] [ DB ] INIT mysql
[ info ] [ LOG ] INIT File
[ sql ] [ DB ] CONNECT:[ UseTime:0.026529s ] mysql:host=123.57.11.135;port=3306;dbname=bemarvelous;charset=utf8
[ sql ] [ SQL ] SHOW COLUMNS FROM `be_series` [ RunTime:0.017257s ]
[ sql ] [ SQL ] SELECT `id`,`title`,`image`,date_format(update_time,"%Y-%m-%d") as time,`content` FROM `be_series` WHERE  `id` = 1 LIMIT 1 [ RunTime:0.018081s ]
[ sql ] [ SQL ] SHOW COLUMNS FROM `be_product` [ RunTime:0.013491s ]
[ sql ] [ SQL ] SELECT `id`,name as title,`image`,`price` FROM `be_product` WHERE  `series_id` = 1 ORDER BY `update_time` DESC LIMIT 0,3 [ RunTime:0.012804s ]
---------------------------------------------------------------
[ 2020-03-05T19:35:18+08:00 ] 127.0.0.1 GET www.lbxr.com/getSeleA?id=1
[运行时间：0.126183s] [吞吐率：7.92req/s] [内存消耗：3,336.34kb] [文件加载：123]
[ info ] [ BEHAVIOR ] Run Closure @app_init [ RunTime:0.000047s ]
[ info ] [ CACHE ] INIT File
[ info ] [ BEHAVIOR ] Run Closure @app_init [ RunTime:0.002721s ]
[ info ] [ LANG ] D:\phpstudy\PHPTutorial\WWW\fastadmin\thinkphp\lang\zh-cn.php
[ info ] [ ROUTE ] array (
  'type' => 'module',
  'module' => 
  array (
    0 => 'api',
    1 => 'AppRele',
    2 => 'getSeleA',
  ),
  'convert' => false,
)
[ info ] [ HEADER ] array (
  'connection' => 'close',
  'accept-encoding' => 'gzip, deflate',
  'cookie' => 'PHPSESSID=dt4ib3afjok24f98um2ge7gbh2',
  'host' => 'www.lbxr.com',
  'accept' => '*/*',
  'user-agent' => 'PostmanRuntime/7.6.0',
  'postman-token' => 'e3c76e8a-c528-4875-bb18-682091282ae5',
  'cache-control' => 'no-cache',
)
[ info ] [ PARAM ] array (
  'id' => '1',
)
[ info ] [ LANG ] D:\phpstudy\PHPTutorial\WWW\fastadmin\public/../application/api\lang\zh-cn.php
[ info ] [ BEHAVIOR ] Run app\common\behavior\Common @module_init [ RunTime:0.001685s ]
[ info ] [ RUN ] app\api\controller\AppRele->getSeleA[ D:\phpstudy\PHPTutorial\WWW\fastadmin\application\api\controller\AppRele.php ]
[ info ] [ DB ] INIT mysql
[ info ] [ LOG ] INIT File
[ sql ] [ DB ] CONNECT:[ UseTime:0.029120s ] mysql:host=123.57.11.135;port=3306;dbname=bemarvelous;charset=utf8
[ sql ] [ SQL ] SHOW COLUMNS FROM `be_rele` [ RunTime:0.019885s ]
[ sql ] [ SQL ] SELECT `title`,date_format(update_time,"%Y/%m/%d") as time,`con1`,`con1_img`,`con2` FROM `be_rele` ORDER BY `update_time` DESC LIMIT 1 [ RunTime:0.019595s ]
---------------------------------------------------------------
[ 2020-03-05T19:35:38+08:00 ] 127.0.0.1 GET www.lbxr.com/getserFiA?id=1
[运行时间：0.132667s] [吞吐率：7.54req/s] [内存消耗：3,432.05kb] [文件加载：123]
[ info ] [ BEHAVIOR ] Run Closure @app_init [ RunTime:0.000029s ]
[ info ] [ CACHE ] INIT File
[ info ] [ BEHAVIOR ] Run Closure @app_init [ RunTime:0.002257s ]
[ info ] [ LANG ] D:\phpstudy\PHPTutorial\WWW\fastadmin\thinkphp\lang\zh-cn.php
[ info ] [ ROUTE ] array (
  'type' => 'module',
  'module' => 
  array (
    0 => 'api',
    1 => 'AppSeries',
    2 => 'SerserFiA',
  ),
  'convert' => false,
)
[ info ] [ HEADER ] array (
  'connection' => 'close',
  'accept-encoding' => 'gzip, deflate',
  'cookie' => 'PHPSESSID=dt4ib3afjok24f98um2ge7gbh2',
  'host' => 'www.lbxr.com',
  'accept' => '*/*',
  'user-agent' => 'PostmanRuntime/7.6.0',
  'postman-token' => 'd90046f4-5644-4195-a31c-3b754745da6a',
  'cache-control' => 'no-cache',
)
[ info ] [ PARAM ] array (
  'id' => '1',
)
[ info ] [ LANG ] D:\phpstudy\PHPTutorial\WWW\fastadmin\public/../application/api\lang\zh-cn.php
[ info ] [ BEHAVIOR ] Run app\common\behavior\Common @module_init [ RunTime:0.001586s ]
[ info ] [ RUN ] app\api\controller\AppSeries->SerserFiA[ D:\phpstudy\PHPTutorial\WWW\fastadmin\application\api\controller\AppSeries.php ]
[ info ] [ DB ] INIT mysql
[ info ] [ LOG ] INIT File
[ sql ] [ DB ] CONNECT:[ UseTime:0.025499s ] mysql:host=123.57.11.135;port=3306;dbname=bemarvelous;charset=utf8
[ sql ] [ SQL ] SHOW COLUMNS FROM `be_series` [ RunTime:0.016963s ]
[ sql ] [ SQL ] SELECT `id`,`title`,`image`,date_format(update_time,"%Y-%m-%d") as time,`content` FROM `be_series` WHERE  `id` = 1 LIMIT 1 [ RunTime:0.016838s ]
[ sql ] [ SQL ] SHOW COLUMNS FROM `be_product` [ RunTime:0.013966s ]
[ sql ] [ SQL ] SELECT `id`,name as title,`image`,`price` FROM `be_product` WHERE  `series_id` = 1 ORDER BY `update_time` DESC LIMIT 0,3 [ RunTime:0.013034s ]
---------------------------------------------------------------
[ 2020-03-05T19:35:50+08:00 ] 127.0.0.1 GET www.lbxr.com/getserFiA?id=1
[运行时间：0.143808s] [吞吐率：6.95req/s] [内存消耗：3,432.05kb] [文件加载：123]
[ info ] [ BEHAVIOR ] Run Closure @app_init [ RunTime:0.000030s ]
[ info ] [ CACHE ] INIT File
[ info ] [ BEHAVIOR ] Run Closure @app_init [ RunTime:0.001836s ]
[ info ] [ LANG ] D:\phpstudy\PHPTutorial\WWW\fastadmin\thinkphp\lang\zh-cn.php
[ info ] [ ROUTE ] array (
  'type' => 'module',
  'module' => 
  array (
    0 => 'api',
    1 => 'AppSeries',
    2 => 'SerserFiA',
  ),
  'convert' => false,
)
[ info ] [ HEADER ] array (
  'connection' => 'close',
  'accept-encoding' => 'gzip, deflate',
  'cookie' => 'PHPSESSID=dt4ib3afjok24f98um2ge7gbh2',
  'host' => 'www.lbxr.com',
  'accept' => '*/*',
  'user-agent' => 'PostmanRuntime/7.6.0',
  'postman-token' => 'a85d6fae-3b1b-4300-8041-b24519ae4509',
  'cache-control' => 'no-cache',
)
[ info ] [ PARAM ] array (
  'id' => '1',
)
[ info ] [ LANG ] D:\phpstudy\PHPTutorial\WWW\fastadmin\public/../application/api\lang\zh-cn.php
[ info ] [ BEHAVIOR ] Run app\common\behavior\Common @module_init [ RunTime:0.001596s ]
[ info ] [ RUN ] app\api\controller\AppSeries->SerserFiA[ D:\phpstudy\PHPTutorial\WWW\fastadmin\application\api\controller\AppSeries.php ]
[ info ] [ DB ] INIT mysql
[ info ] [ LOG ] INIT File
[ sql ] [ DB ] CONNECT:[ UseTime:0.023791s ] mysql:host=123.57.11.135;port=3306;dbname=bemarvelous;charset=utf8
[ sql ] [ SQL ] SHOW COLUMNS FROM `be_series` [ RunTime:0.016930s ]
[ sql ] [ SQL ] SELECT `id`,`title`,`image`,date_format(update_time,"%Y-%m-%d") as time,`content` FROM `be_series` WHERE  `id` = 1 LIMIT 1 [ RunTime:0.016709s ]
[ sql ] [ SQL ] SHOW COLUMNS FROM `be_product` [ RunTime:0.014370s ]
[ sql ] [ SQL ] SELECT `id`,name as title,`image`,`price` FROM `be_product` WHERE  `series_id` = 1 ORDER BY `update_time` DESC LIMIT 0,3 [ RunTime:0.012153s ]
---------------------------------------------------------------
[ 2020-03-05T19:36:05+08:00 ] 127.0.0.1 GET www.lbxr.com/getSeleA?id=1
[运行时间：0.107723s] [吞吐率：9.28req/s] [内存消耗：3,336.34kb] [文件加载：123]
[ info ] [ BEHAVIOR ] Run Closure @app_init [ RunTime:0.000032s ]
[ info ] [ CACHE ] INIT File
[ info ] [ BEHAVIOR ] Run Closure @app_init [ RunTime:0.001982s ]
[ info ] [ LANG ] D:\phpstudy\PHPTutorial\WWW\fastadmin\thinkphp\lang\zh-cn.php
[ info ] [ ROUTE ] array (
  'type' => 'module',
  'module' => 
  array (
    0 => 'api',
    1 => 'AppRele',
    2 => 'getSeleA',
  ),
  'convert' => false,
)
[ info ] [ HEADER ] array (
  'connection' => 'close',
  'accept-encoding' => 'gzip, deflate',
  'cookie' => 'PHPSESSID=dt4ib3afjok24f98um2ge7gbh2',
  'host' => 'www.lbxr.com',
  'accept' => '*/*',
  'user-agent' => 'PostmanRuntime/7.6.0',
  'postman-token' => 'ca587f5d-d353-49db-98fd-b0a1b60c511b',
  'cache-control' => 'no-cache',
)
[ info ] [ PARAM ] array (
  'id' => '1',
)
[ info ] [ LANG ] D:\phpstudy\PHPTutorial\WWW\fastadmin\public/../application/api\lang\zh-cn.php
[ info ] [ BEHAVIOR ] Run app\common\behavior\Common @module_init [ RunTime:0.002296s ]
[ info ] [ RUN ] app\api\controller\AppRele->getSeleA[ D:\phpstudy\PHPTutorial\WWW\fastadmin\application\api\controller\AppRele.php ]
[ info ] [ DB ] INIT mysql
[ info ] [ LOG ] INIT File
[ sql ] [ DB ] CONNECT:[ UseTime:0.025952s ] mysql:host=123.57.11.135;port=3306;dbname=bemarvelous;charset=utf8
[ sql ] [ SQL ] SHOW COLUMNS FROM `be_rele` [ RunTime:0.018521s ]
[ sql ] [ SQL ] SELECT `title`,date_format(update_time,"%Y-%m-%d") as time,`con1`,`con1_img`,`con2` FROM `be_rele` ORDER BY `update_time` DESC LIMIT 1 [ RunTime:0.017793s ]
